<?xml version="1.0" encoding="UTF-8"?>
<robot generator="Robot 4.0 (Python 3.9.2 on darwin)" generated="20210628 10:32:20.331" rpa="false" schemaversion="2">
<suite id="s1" name="Product" source="/Users/daeng/Can Innovation Co., Ltd./Automation_Testing/Product.robot">
<test id="s1-t1" name="Login">
<kw name="Log in">
<kw name="Open Browser" library="Selenium2Library">
<arg>${url}</arg>
<arg>${browser}</arg>
<doc>Opens a new browser instance to the optional ``url``.</doc>
<msg timestamp="20210628 10:32:20.572" level="INFO">Opening browser 'Chrome' to base url 'http://122.155.162.24/ST_SCO/'.</msg>
<status status="PASS" starttime="20210628 10:32:20.571" endtime="20210628 10:32:23.276"/>
</kw>
<kw name="Maximize Browser Window" library="Selenium2Library">
<doc>Maximizes current browser window.</doc>
<status status="PASS" starttime="20210628 10:32:23.276" endtime="20210628 10:32:23.404"/>
</kw>
<kw name="Set Selenium Speed" library="Selenium2Library">
<arg>0.3</arg>
<doc>Sets the delay that is waited after each Selenium command.</doc>
<status status="PASS" starttime="20210628 10:32:23.404" endtime="20210628 10:32:23.404"/>
</kw>
<kw name="Wait Until Element Is Visible" library="Selenium2Library">
<arg>id=Username</arg>
<arg>timeout=20s</arg>
<doc>Waits until the element ``locator`` is visible.</doc>
<status status="PASS" starttime="20210628 10:32:23.404" endtime="20210628 10:32:24.045"/>
</kw>
<kw name="Input Text" library="Selenium2Library">
<arg>id=Username</arg>
<arg>${username}</arg>
<doc>Types the given ``text`` into the text field identified by ``locator``.</doc>
<msg timestamp="20210628 10:32:24.047" level="INFO">Typing text 'admin' into text field 'id=Username'.</msg>
<status status="PASS" starttime="20210628 10:32:24.046" endtime="20210628 10:32:25.123"/>
</kw>
<kw name="Wait Until Element Is Visible" library="Selenium2Library">
<arg>id=Password</arg>
<arg>timeout=20s</arg>
<doc>Waits until the element ``locator`` is visible.</doc>
<status status="PASS" starttime="20210628 10:32:25.124" endtime="20210628 10:32:25.769"/>
</kw>
<kw name="Input Password" library="Selenium2Library">
<arg>id=Password</arg>
<arg>${password}</arg>
<doc>Types the given password into the text field identified by ``locator``.</doc>
<msg timestamp="20210628 10:32:25.770" level="INFO">Typing password into text field 'id=Password'.</msg>
<msg timestamp="20210628 10:32:26.424" level="INFO">Temporally setting log level to: NONE</msg>
<msg timestamp="20210628 10:32:26.787" level="INFO">Log level changed from NONE to INFO.</msg>
<status status="PASS" starttime="20210628 10:32:25.769" endtime="20210628 10:32:26.787"/>
</kw>
<kw name="Click Button" library="Selenium2Library">
<arg>xpath=//*[@id="loginForm1"]/div[3]/div/button</arg>
<doc>Clicks the button identified by ``locator``.</doc>
<msg timestamp="20210628 10:32:26.788" level="INFO">Clicking button 'xpath=//*[@id="loginForm1"]/div[3]/div/button'.</msg>
<status status="PASS" starttime="20210628 10:32:26.787" endtime="20210628 10:32:29.775"/>
</kw>
<status status="PASS" starttime="20210628 10:32:20.571" endtime="20210628 10:32:29.776"/>
</kw>
<kw name="Click Product">
<kw name="Click Element" library="Selenium2Library">
<arg>xpath=//*[@id="menu"]/li[10]/a</arg>
<doc>Click the element identified by ``locator``.</doc>
<msg timestamp="20210628 10:32:29.778" level="INFO">Clicking element 'xpath=//*[@id="menu"]/li[10]/a'.</msg>
<status status="PASS" starttime="20210628 10:32:29.777" endtime="20210628 10:32:30.445"/>
</kw>
<kw name="Click Element" library="Selenium2Library">
<arg>xpath=//*[@id="menu"]/li[10]/ul/li[2]/a</arg>
<doc>Click the element identified by ``locator``.</doc>
<msg timestamp="20210628 10:32:30.446" level="INFO">Clicking element 'xpath=//*[@id="menu"]/li[10]/ul/li[2]/a'.</msg>
<status status="PASS" starttime="20210628 10:32:30.446" endtime="20210628 10:32:31.107"/>
</kw>
<kw name="Click Element" library="Selenium2Library">
<arg>xpath=//*[@id="menu"]/li[10]/ul/li[2]/ul/li[1]/a</arg>
<doc>Click the element identified by ``locator``.</doc>
<msg timestamp="20210628 10:32:31.108" level="INFO">Clicking element 'xpath=//*[@id="menu"]/li[10]/ul/li[2]/ul/li[1]/a'.</msg>
<status status="PASS" starttime="20210628 10:32:31.107" endtime="20210628 10:32:32.695"/>
</kw>
<kw name="Log To Console" library="BuiltIn">
<arg>${Email}</arg>
<doc>Logs the given message to the console.</doc>
<msg timestamp="20210628 10:32:32.696" level="FAIL">Variable '${Email}' not found.</msg>
<status status="FAIL" starttime="20210628 10:32:32.695" endtime="20210628 10:32:32.697"/>
</kw>
<status status="FAIL" starttime="20210628 10:32:29.777" endtime="20210628 10:32:32.697"/>
</kw>
<status status="FAIL" starttime="20210628 10:32:20.570" endtime="20210628 10:32:32.697">Variable '${Email}' not found.</status>
</test>
<test id="s1-t2" name="PRO_001 ตรวจสอบความถูกต้องของหน้าจอการค้นหาข้อมูล">
<kw name="PRO_001">
<arg>Group</arg>
<arg>Brand</arg>
<arg>Flavour</arg>
<arg>Var</arg>
<arg>Size</arg>
<arg>Active Status</arg>
<arg>Sales Item</arg>
<arg>Code/Name Product</arg>
<kw name="Get Text" library="Selenium2Library">
<var>${gettext}</var>
<arg>xpath=//*[@id="mainContainer"]/div[1]/div/div/h3</arg>
<doc>Returns the text value of the element identified by ``locator``.</doc>
<msg timestamp="20210628 10:32:33.330" level="INFO">${gettext} = Product</msg>
<status status="PASS" starttime="20210628 10:32:32.702" endtime="20210628 10:32:33.330"/>
</kw>
<kw name="Should Be Equal As Strings" library="BuiltIn">
<arg>${gettext}</arg>
<arg>Product</arg>
<doc>Fails if objects are unequal after converting them to strings.</doc>
<status status="PASS" starttime="20210628 10:32:33.331" endtime="20210628 10:32:33.331"/>
</kw>
<for flavor="IN RANGE">
<var>${index}</var>
<value>0</value>
<value>8</value>
<iter>
<var name="${index}">0</var>
<kw name="Get Text" library="Selenium2Library">
<var>${Gettext}</var>
<arg>xpath=//*[@id="collapse1"]/form/div/div[${index}+1]/b</arg>
<doc>Returns the text value of the element identified by ``locator``.</doc>
<msg timestamp="20210628 10:32:33.974" level="INFO">${Gettext} = Group</msg>
<status status="PASS" starttime="20210628 10:32:33.332" endtime="20210628 10:32:33.974"/>
</kw>
<kw name="Should Be Equal As Strings" library="BuiltIn">
<arg>${INDEXs}[${index}]</arg>
<arg>${Gettext}</arg>
<doc>Fails if objects are unequal after converting them to strings.</doc>
<status status="PASS" starttime="20210628 10:32:33.975" endtime="20210628 10:32:33.976"/>
</kw>
<status status="PASS" starttime="20210628 10:32:33.332" endtime="20210628 10:32:33.976"/>
</iter>
<iter>
<var name="${index}">1</var>
<kw name="Get Text" library="Selenium2Library">
<var>${Gettext}</var>
<arg>xpath=//*[@id="collapse1"]/form/div/div[${index}+1]/b</arg>
<doc>Returns the text value of the element identified by ``locator``.</doc>
<msg timestamp="20210628 10:32:34.620" level="INFO">${Gettext} = Brand</msg>
<status status="PASS" starttime="20210628 10:32:33.976" endtime="20210628 10:32:34.620"/>
</kw>
<kw name="Should Be Equal As Strings" library="BuiltIn">
<arg>${INDEXs}[${index}]</arg>
<arg>${Gettext}</arg>
<doc>Fails if objects are unequal after converting them to strings.</doc>
<status status="PASS" starttime="20210628 10:32:34.621" endtime="20210628 10:32:34.622"/>
</kw>
<status status="PASS" starttime="20210628 10:32:33.976" endtime="20210628 10:32:34.622"/>
</iter>
<iter>
<var name="${index}">2</var>
<kw name="Get Text" library="Selenium2Library">
<var>${Gettext}</var>
<arg>xpath=//*[@id="collapse1"]/form/div/div[${index}+1]/b</arg>
<doc>Returns the text value of the element identified by ``locator``.</doc>
<msg timestamp="20210628 10:32:35.260" level="INFO">${Gettext} = Flavour</msg>
<status status="PASS" starttime="20210628 10:32:34.622" endtime="20210628 10:32:35.260"/>
</kw>
<kw name="Should Be Equal As Strings" library="BuiltIn">
<arg>${INDEXs}[${index}]</arg>
<arg>${Gettext}</arg>
<doc>Fails if objects are unequal after converting them to strings.</doc>
<status status="PASS" starttime="20210628 10:32:35.261" endtime="20210628 10:32:35.261"/>
</kw>
<status status="PASS" starttime="20210628 10:32:34.622" endtime="20210628 10:32:35.262"/>
</iter>
<iter>
<var name="${index}">3</var>
<kw name="Get Text" library="Selenium2Library">
<var>${Gettext}</var>
<arg>xpath=//*[@id="collapse1"]/form/div/div[${index}+1]/b</arg>
<doc>Returns the text value of the element identified by ``locator``.</doc>
<msg timestamp="20210628 10:32:35.903" level="INFO">${Gettext} = Var</msg>
<status status="PASS" starttime="20210628 10:32:35.262" endtime="20210628 10:32:35.903"/>
</kw>
<kw name="Should Be Equal As Strings" library="BuiltIn">
<arg>${INDEXs}[${index}]</arg>
<arg>${Gettext}</arg>
<doc>Fails if objects are unequal after converting them to strings.</doc>
<status status="PASS" starttime="20210628 10:32:35.904" endtime="20210628 10:32:35.905"/>
</kw>
<status status="PASS" starttime="20210628 10:32:35.262" endtime="20210628 10:32:35.905"/>
</iter>
<iter>
<var name="${index}">4</var>
<kw name="Get Text" library="Selenium2Library">
<var>${Gettext}</var>
<arg>xpath=//*[@id="collapse1"]/form/div/div[${index}+1]/b</arg>
<doc>Returns the text value of the element identified by ``locator``.</doc>
<msg timestamp="20210628 10:32:36.550" level="INFO">${Gettext} = Size</msg>
<status status="PASS" starttime="20210628 10:32:35.905" endtime="20210628 10:32:36.550"/>
</kw>
<kw name="Should Be Equal As Strings" library="BuiltIn">
<arg>${INDEXs}[${index}]</arg>
<arg>${Gettext}</arg>
<doc>Fails if objects are unequal after converting them to strings.</doc>
<status status="PASS" starttime="20210628 10:32:36.550" endtime="20210628 10:32:36.552"/>
</kw>
<status status="PASS" starttime="20210628 10:32:35.905" endtime="20210628 10:32:36.552"/>
</iter>
<iter>
<var name="${index}">5</var>
<kw name="Get Text" library="Selenium2Library">
<var>${Gettext}</var>
<arg>xpath=//*[@id="collapse1"]/form/div/div[${index}+1]/b</arg>
<doc>Returns the text value of the element identified by ``locator``.</doc>
<msg timestamp="20210628 10:32:37.191" level="INFO">${Gettext} = Active Status</msg>
<status status="PASS" starttime="20210628 10:32:36.552" endtime="20210628 10:32:37.191"/>
</kw>
<kw name="Should Be Equal As Strings" library="BuiltIn">
<arg>${INDEXs}[${index}]</arg>
<arg>${Gettext}</arg>
<doc>Fails if objects are unequal after converting them to strings.</doc>
<status status="PASS" starttime="20210628 10:32:37.191" endtime="20210628 10:32:37.192"/>
</kw>
<status status="PASS" starttime="20210628 10:32:36.552" endtime="20210628 10:32:37.192"/>
</iter>
<iter>
<var name="${index}">6</var>
<kw name="Get Text" library="Selenium2Library">
<var>${Gettext}</var>
<arg>xpath=//*[@id="collapse1"]/form/div/div[${index}+1]/b</arg>
<doc>Returns the text value of the element identified by ``locator``.</doc>
<msg timestamp="20210628 10:32:37.839" level="INFO">${Gettext} = Sales Item</msg>
<status status="PASS" starttime="20210628 10:32:37.192" endtime="20210628 10:32:37.839"/>
</kw>
<kw name="Should Be Equal As Strings" library="BuiltIn">
<arg>${INDEXs}[${index}]</arg>
<arg>${Gettext}</arg>
<doc>Fails if objects are unequal after converting them to strings.</doc>
<status status="PASS" starttime="20210628 10:32:37.839" endtime="20210628 10:32:37.840"/>
</kw>
<status status="PASS" starttime="20210628 10:32:37.192" endtime="20210628 10:32:37.840"/>
</iter>
<iter>
<var name="${index}">7</var>
<kw name="Get Text" library="Selenium2Library">
<var>${Gettext}</var>
<arg>xpath=//*[@id="collapse1"]/form/div/div[${index}+1]/b</arg>
<doc>Returns the text value of the element identified by ``locator``.</doc>
<msg timestamp="20210628 10:32:38.481" level="INFO">${Gettext} = Code/Name Product</msg>
<status status="PASS" starttime="20210628 10:32:37.841" endtime="20210628 10:32:38.481"/>
</kw>
<kw name="Should Be Equal As Strings" library="BuiltIn">
<arg>${INDEXs}[${index}]</arg>
<arg>${Gettext}</arg>
<doc>Fails if objects are unequal after converting them to strings.</doc>
<status status="PASS" starttime="20210628 10:32:38.482" endtime="20210628 10:32:38.483"/>
</kw>
<status status="PASS" starttime="20210628 10:32:37.840" endtime="20210628 10:32:38.483"/>
</iter>
<status status="PASS" starttime="20210628 10:32:33.331" endtime="20210628 10:32:38.483"/>
</for>
<status status="PASS" starttime="20210628 10:32:32.702" endtime="20210628 10:32:38.483"/>
</kw>
<status status="PASS" starttime="20210628 10:32:32.698" endtime="20210628 10:32:38.483"/>
</test>
<test id="s1-t3" name="PRO_002 ค้นหาข้อมูลทั้งหมด กดปุ่ม Search">
<kw name="PRO_002">
<kw name="Click Element" library="Selenium2Library">
<arg>xpath=//*[@id="btnSearch"]</arg>
<doc>Click the element identified by ``locator``.</doc>
<msg timestamp="20210628 10:32:38.488" level="INFO">Clicking element 'xpath=//*[@id="btnSearch"]'.</msg>
<status status="PASS" starttime="20210628 10:32:38.488" endtime="20210628 10:32:39.174"/>
</kw>
<kw name="Get Text" library="Selenium2Library">
<var>${entries}</var>
<arg>xpath=//*[@id="tblShowData_info"]</arg>
<doc>Returns the text value of the element identified by ``locator``.</doc>
<msg timestamp="20210628 10:32:39.841" level="INFO">${entries} = Showing 1 to 10 of 173 entries</msg>
<status status="PASS" starttime="20210628 10:32:39.175" endtime="20210628 10:32:39.842"/>
</kw>
<kw name="Split String" library="String">
<var>@{entrie}</var>
<arg>${entries}</arg>
<arg>${SPACE}</arg>
<doc>Splits the ``string`` using ``separator`` as a delimiter string.</doc>
<msg timestamp="20210628 10:32:39.843" level="INFO">@{entrie} = [ Showing | 1 | to | 10 | of | 173 | entries ]</msg>
<status status="PASS" starttime="20210628 10:32:39.842" endtime="20210628 10:32:39.843"/>
</kw>
<kw name="Evaluate" library="BuiltIn">
<var>${ran_int1}</var>
<arg>random.randint(1, ${entrie}[3])</arg>
<arg>random</arg>
<doc>Evaluates the given expression in Python and returns the result.</doc>
<msg timestamp="20210628 10:32:39.844" level="INFO">${ran_int1} = 7</msg>
<status status="PASS" starttime="20210628 10:32:39.843" endtime="20210628 10:32:39.844"/>
</kw>
<kw name="Evaluate" library="BuiltIn">
<var>${ran_int2}</var>
<arg>random.randint(1, ${entrie}[3])</arg>
<arg>random</arg>
<doc>Evaluates the given expression in Python and returns the result.</doc>
<msg timestamp="20210628 10:32:39.845" level="INFO">${ran_int2} = 1</msg>
<status status="PASS" starttime="20210628 10:32:39.844" endtime="20210628 10:32:39.845"/>
</kw>
<kw name="Get Text" library="Selenium2Library">
<var>${Product_Code}</var>
<arg>xpath=//*[@id="tblShowData"]/tbody/tr[${ran_int1}]/td[6]/a</arg>
<doc>Returns the text value of the element identified by ``locator``.</doc>
<msg timestamp="20210628 10:32:40.487" level="INFO">${Product_Code} = BK104506</msg>
<status status="PASS" starttime="20210628 10:32:39.845" endtime="20210628 10:32:40.487"/>
</kw>
<kw name="Get Text" library="Selenium2Library">
<var>${Product_name}</var>
<arg>xpath=//*[@id="tblShowData"]/tbody/tr[${ran_int2}]/td[7]</arg>
<doc>Returns the text value of the element identified by ``locator``.</doc>
<msg timestamp="20210628 10:32:41.127" level="INFO">${Product_name} = พรีเมียม</msg>
<status status="PASS" starttime="20210628 10:32:40.487" endtime="20210628 10:32:41.127"/>
</kw>
<kw name="Set Global Variable" library="BuiltIn">
<arg>${Product_Code}</arg>
<doc>Makes a variable available globally in all tests and suites.</doc>
<msg timestamp="20210628 10:32:41.128" level="INFO">${Product_Code} = BK104506</msg>
<status status="PASS" starttime="20210628 10:32:41.127" endtime="20210628 10:32:41.128"/>
</kw>
<kw name="Set Global Variable" library="BuiltIn">
<arg>${Product_Name}</arg>
<doc>Makes a variable available globally in all tests and suites.</doc>
<msg timestamp="20210628 10:32:41.129" level="INFO">${Product_Name} = พรีเมียม</msg>
<status status="PASS" starttime="20210628 10:32:41.129" endtime="20210628 10:32:41.129"/>
</kw>
<kw name="Set Global Variable" library="BuiltIn">
<arg>${entrie}</arg>
<doc>Makes a variable available globally in all tests and suites.</doc>
<msg timestamp="20210628 10:32:41.130" level="INFO">${entrie} = ['Showing', '1', 'to', '10', 'of', '173', 'entries']</msg>
<status status="PASS" starttime="20210628 10:32:41.130" endtime="20210628 10:32:41.130"/>
</kw>
<status status="PASS" starttime="20210628 10:32:38.487" endtime="20210628 10:32:41.131"/>
</kw>
<status status="PASS" starttime="20210628 10:32:38.484" endtime="20210628 10:32:41.131"/>
</test>
<test id="s1-t4" name="PRO_003 - PRO_007 ค้นหาโดยระบุเงื่อนไข ค้นหาข้อมูลจาก Group, Brand, Flavour, Var, Size">
<kw name="PRO_003 - PRO_007">
<for flavor="IN RANGE">
<var>${i}</var>
<value>0</value>
<value>5</value>
<iter>
<var name="${i}">0</var>
<kw name="Click Element" library="Selenium2Library">
<arg>xpath=//*[@id="collapse1"]/form/div/div[${i}+1]/span/span[1]/span</arg>
<doc>Click the element identified by ``locator``.</doc>
<msg timestamp="20210628 10:32:41.137" level="INFO">Clicking element 'xpath=//*[@id="collapse1"]/form/div/div[0+1]/span/span[1]/span'.</msg>
<status status="PASS" starttime="20210628 10:32:41.137" endtime="20210628 10:32:41.832"/>
</kw>
<kw name="Get Text" library="Selenium2Library">
<var>${GroupName}</var>
<arg>xpath=//html/body/span/span/span[2]</arg>
<doc>Returns the text value of the element identified by ``locator``.</doc>
<msg timestamp="20210628 10:32:42.475" level="INFO">${GroupName} = -- All --
[01]: 1.BN
[02]: 2.EOC ADULTS
[03]: 3.EOC ELDERS
[04]: 4.KIDS SHOT
[05]: 5.KIDS MILK
[06]: 6.FRUIT
[07]: 7.VITAMIN
[08]: 8.BEAUTY
[09]: 9.GIVING
[10]: 10.ECONOMY HERB</msg>
<status status="PASS" starttime="20210628 10:32:41.832" endtime="20210628 10:32:42.476"/>
</kw>
<kw name="Split String" library="String">
<var>@{values}</var>
<arg>${GroupName}</arg>
<arg>\n</arg>
<doc>Splits the ``string`` using ``separator`` as a delimiter string.</doc>
<msg timestamp="20210628 10:32:42.477" level="INFO">@{values} = [ -- All -- | [01]: 1.BN | [02]: 2.EOC ADULTS | [03]: 3.EOC ELDERS | [04]: 4.KIDS SHOT | [05]: 5.KIDS MILK | [06]: 6.FRUIT | [07]: 7.VITAMIN | [08]: 8.BEAUTY | [09]: 9.GIVING | [10]: 10.ECONOMY HERB ]</msg>
<status status="PASS" starttime="20210628 10:32:42.476" endtime="20210628 10:32:42.477"/>
</kw>
<kw name="Get Length" library="BuiltIn">
<var>${count}</var>
<arg>${values}</arg>
<doc>Returns and logs the length of the given item as an integer.</doc>
<msg timestamp="20210628 10:32:42.478" level="INFO">Length is 11</msg>
<msg timestamp="20210628 10:32:42.478" level="INFO">${count} = 11</msg>
<status status="PASS" starttime="20210628 10:32:42.477" endtime="20210628 10:32:42.478"/>
</kw>
<kw name="Evaluate" library="BuiltIn">
<var>${ran_int}</var>
<arg>random.randint(1, ${count}-1)</arg>
<arg>random</arg>
<doc>Evaluates the given expression in Python and returns the result.</doc>
<msg timestamp="20210628 10:32:42.479" level="INFO">${ran_int} = 6</msg>
<status status="PASS" starttime="20210628 10:32:42.478" endtime="20210628 10:32:42.479"/>
</kw>
<kw name="Click Element" library="Selenium2Library">
<arg>xpath=//li[contains(text(),'${values}[${ran_int}]')]</arg>
<doc>Click the element identified by ``locator``.</doc>
<msg timestamp="20210628 10:32:42.480" level="INFO">Clicking element 'xpath=//li[contains(text(),'[06]: 6.FRUIT')]'.</msg>
<status status="PASS" starttime="20210628 10:32:42.479" endtime="20210628 10:32:43.157"/>
</kw>
<kw name="Split String" library="String">
<var>@{splittext}</var>
<arg>${values}[${ran_int}]</arg>
<arg>:${SPACE}</arg>
<doc>Splits the ``string`` using ``separator`` as a delimiter string.</doc>
<msg timestamp="20210628 10:32:43.159" level="INFO">@{splittext} = [ [06] | 6.FRUIT ]</msg>
<status status="PASS" starttime="20210628 10:32:43.158" endtime="20210628 10:32:43.159"/>
</kw>
<kw name="Click Element" library="Selenium2Library">
<arg>xpath=//*[@id="btnSearch"]</arg>
<doc>Click the element identified by ``locator``.</doc>
<msg timestamp="20210628 10:32:43.160" level="INFO">Clicking element 'xpath=//*[@id="btnSearch"]'.</msg>
<status status="PASS" starttime="20210628 10:32:43.159" endtime="20210628 10:32:44.003"/>
</kw>
<kw name="Get Text" library="Selenium2Library">
<var>${entries}</var>
<arg>xpath= //*[@id="tblShowData_info"]</arg>
<doc>Returns the text value of the element identified by ``locator``.</doc>
<msg timestamp="20210628 10:32:44.643" level="INFO">${entries} = Showing 1 to 10 of 14 entries</msg>
<status status="PASS" starttime="20210628 10:32:44.003" endtime="20210628 10:32:44.643"/>
</kw>
<kw name="Split String" library="String">
<var>@{entrie}</var>
<arg>${entries}</arg>
<arg>${SPACE}</arg>
<doc>Splits the ``string`` using ``separator`` as a delimiter string.</doc>
<msg timestamp="20210628 10:32:44.645" level="INFO">@{entrie} = [ Showing | 1 | to | 10 | of | 14 | entries ]</msg>
<status status="PASS" starttime="20210628 10:32:44.644" endtime="20210628 10:32:44.645"/>
</kw>
<for flavor="IN RANGE">
<var>${j}</var>
<value>0</value>
<value>${entrie}[3]</value>
<iter>
<var name="${j}">0</var>
<kw name="Get Text" library="Selenium2Library">
<var>${RowGroupName}</var>
<arg>xpath=//*[@id="tblShowData"]/tbody/tr[${j}+1]/td[${i}+1]</arg>
<doc>Returns the text value of the element identified by ``locator``.</doc>
<msg timestamp="20210628 10:32:45.292" level="INFO">${RowGroupName} = 6.FRUIT</msg>
<status status="PASS" starttime="20210628 10:32:44.646" endtime="20210628 10:32:45.292"/>
</kw>
<kw name="Should Be Equal As Strings" library="BuiltIn">
<arg>${splittext}[1]</arg>
<arg>${RowGroupName}</arg>
<doc>Fails if objects are unequal after converting them to strings.</doc>
<status status="PASS" starttime="20210628 10:32:45.293" endtime="20210628 10:32:45.294"/>
</kw>
<status status="PASS" starttime="20210628 10:32:44.645" endtime="20210628 10:32:45.294"/>
</iter>
<iter>
<var name="${j}">1</var>
<kw name="Get Text" library="Selenium2Library">
<var>${RowGroupName}</var>
<arg>xpath=//*[@id="tblShowData"]/tbody/tr[${j}+1]/td[${i}+1]</arg>
<doc>Returns the text value of the element identified by ``locator``.</doc>
<msg timestamp="20210628 10:32:45.938" level="INFO">${RowGroupName} = 6.FRUIT</msg>
<status status="PASS" starttime="20210628 10:32:45.294" endtime="20210628 10:32:45.938"/>
</kw>
<kw name="Should Be Equal As Strings" library="BuiltIn">
<arg>${splittext}[1]</arg>
<arg>${RowGroupName}</arg>
<doc>Fails if objects are unequal after converting them to strings.</doc>
<status status="PASS" starttime="20210628 10:32:45.938" endtime="20210628 10:32:45.939"/>
</kw>
<status status="PASS" starttime="20210628 10:32:45.294" endtime="20210628 10:32:45.939"/>
</iter>
<iter>
<var name="${j}">2</var>
<kw name="Get Text" library="Selenium2Library">
<var>${RowGroupName}</var>
<arg>xpath=//*[@id="tblShowData"]/tbody/tr[${j}+1]/td[${i}+1]</arg>
<doc>Returns the text value of the element identified by ``locator``.</doc>
<msg timestamp="20210628 10:32:46.583" level="INFO">${RowGroupName} = 6.FRUIT</msg>
<status status="PASS" starttime="20210628 10:32:45.939" endtime="20210628 10:32:46.583"/>
</kw>
<kw name="Should Be Equal As Strings" library="BuiltIn">
<arg>${splittext}[1]</arg>
<arg>${RowGroupName}</arg>
<doc>Fails if objects are unequal after converting them to strings.</doc>
<status status="PASS" starttime="20210628 10:32:46.583" endtime="20210628 10:32:46.584"/>
</kw>
<status status="PASS" starttime="20210628 10:32:45.939" endtime="20210628 10:32:46.584"/>
</iter>
<iter>
<var name="${j}">3</var>
<kw name="Get Text" library="Selenium2Library">
<var>${RowGroupName}</var>
<arg>xpath=//*[@id="tblShowData"]/tbody/tr[${j}+1]/td[${i}+1]</arg>
<doc>Returns the text value of the element identified by ``locator``.</doc>
<msg timestamp="20210628 10:32:47.228" level="INFO">${RowGroupName} = 6.FRUIT</msg>
<status status="PASS" starttime="20210628 10:32:46.584" endtime="20210628 10:32:47.228"/>
</kw>
<kw name="Should Be Equal As Strings" library="BuiltIn">
<arg>${splittext}[1]</arg>
<arg>${RowGroupName}</arg>
<doc>Fails if objects are unequal after converting them to strings.</doc>
<status status="PASS" starttime="20210628 10:32:47.228" endtime="20210628 10:32:47.229"/>
</kw>
<status status="PASS" starttime="20210628 10:32:46.584" endtime="20210628 10:32:47.229"/>
</iter>
<iter>
<var name="${j}">4</var>
<kw name="Get Text" library="Selenium2Library">
<var>${RowGroupName}</var>
<arg>xpath=//*[@id="tblShowData"]/tbody/tr[${j}+1]/td[${i}+1]</arg>
<doc>Returns the text value of the element identified by ``locator``.</doc>
<msg timestamp="20210628 10:32:47.880" level="INFO">${RowGroupName} = 6.FRUIT</msg>
<status status="PASS" starttime="20210628 10:32:47.229" endtime="20210628 10:32:47.880"/>
</kw>
<kw name="Should Be Equal As Strings" library="BuiltIn">
<arg>${splittext}[1]</arg>
<arg>${RowGroupName}</arg>
<doc>Fails if objects are unequal after converting them to strings.</doc>
<status status="PASS" starttime="20210628 10:32:47.880" endtime="20210628 10:32:47.881"/>
</kw>
<status status="PASS" starttime="20210628 10:32:47.229" endtime="20210628 10:32:47.881"/>
</iter>
<iter>
<var name="${j}">5</var>
<kw name="Get Text" library="Selenium2Library">
<var>${RowGroupName}</var>
<arg>xpath=//*[@id="tblShowData"]/tbody/tr[${j}+1]/td[${i}+1]</arg>
<doc>Returns the text value of the element identified by ``locator``.</doc>
<msg timestamp="20210628 10:32:48.518" level="INFO">${RowGroupName} = 6.FRUIT</msg>
<status status="PASS" starttime="20210628 10:32:47.881" endtime="20210628 10:32:48.518"/>
</kw>
<kw name="Should Be Equal As Strings" library="BuiltIn">
<arg>${splittext}[1]</arg>
<arg>${RowGroupName}</arg>
<doc>Fails if objects are unequal after converting them to strings.</doc>
<status status="PASS" starttime="20210628 10:32:48.519" endtime="20210628 10:32:48.519"/>
</kw>
<status status="PASS" starttime="20210628 10:32:47.881" endtime="20210628 10:32:48.520"/>
</iter>
<iter>
<var name="${j}">6</var>
<kw name="Get Text" library="Selenium2Library">
<var>${RowGroupName}</var>
<arg>xpath=//*[@id="tblShowData"]/tbody/tr[${j}+1]/td[${i}+1]</arg>
<doc>Returns the text value of the element identified by ``locator``.</doc>
<msg timestamp="20210628 10:32:49.158" level="INFO">${RowGroupName} = 6.FRUIT</msg>
<status status="PASS" starttime="20210628 10:32:48.520" endtime="20210628 10:32:49.158"/>
</kw>
<kw name="Should Be Equal As Strings" library="BuiltIn">
<arg>${splittext}[1]</arg>
<arg>${RowGroupName}</arg>
<doc>Fails if objects are unequal after converting them to strings.</doc>
<status status="PASS" starttime="20210628 10:32:49.159" endtime="20210628 10:32:49.160"/>
</kw>
<status status="PASS" starttime="20210628 10:32:48.520" endtime="20210628 10:32:49.160"/>
</iter>
<iter>
<var name="${j}">7</var>
<kw name="Get Text" library="Selenium2Library">
<var>${RowGroupName}</var>
<arg>xpath=//*[@id="tblShowData"]/tbody/tr[${j}+1]/td[${i}+1]</arg>
<doc>Returns the text value of the element identified by ``locator``.</doc>
<msg timestamp="20210628 10:32:49.801" level="INFO">${RowGroupName} = 6.FRUIT</msg>
<status status="PASS" starttime="20210628 10:32:49.160" endtime="20210628 10:32:49.802"/>
</kw>
<kw name="Should Be Equal As Strings" library="BuiltIn">
<arg>${splittext}[1]</arg>
<arg>${RowGroupName}</arg>
<doc>Fails if objects are unequal after converting them to strings.</doc>
<status status="PASS" starttime="20210628 10:32:49.802" endtime="20210628 10:32:49.802"/>
</kw>
<status status="PASS" starttime="20210628 10:32:49.160" endtime="20210628 10:32:49.802"/>
</iter>
<iter>
<var name="${j}">8</var>
<kw name="Get Text" library="Selenium2Library">
<var>${RowGroupName}</var>
<arg>xpath=//*[@id="tblShowData"]/tbody/tr[${j}+1]/td[${i}+1]</arg>
<doc>Returns the text value of the element identified by ``locator``.</doc>
<msg timestamp="20210628 10:32:50.438" level="INFO">${RowGroupName} = 6.FRUIT</msg>
<status status="PASS" starttime="20210628 10:32:49.803" endtime="20210628 10:32:50.438"/>
</kw>
<kw name="Should Be Equal As Strings" library="BuiltIn">
<arg>${splittext}[1]</arg>
<arg>${RowGroupName}</arg>
<doc>Fails if objects are unequal after converting them to strings.</doc>
<status status="PASS" starttime="20210628 10:32:50.438" endtime="20210628 10:32:50.439"/>
</kw>
<status status="PASS" starttime="20210628 10:32:49.802" endtime="20210628 10:32:50.439"/>
</iter>
<iter>
<var name="${j}">9</var>
<kw name="Get Text" library="Selenium2Library">
<var>${RowGroupName}</var>
<arg>xpath=//*[@id="tblShowData"]/tbody/tr[${j}+1]/td[${i}+1]</arg>
<doc>Returns the text value of the element identified by ``locator``.</doc>
<msg timestamp="20210628 10:32:51.078" level="INFO">${RowGroupName} = 6.FRUIT</msg>
<status status="PASS" starttime="20210628 10:32:50.439" endtime="20210628 10:32:51.078"/>
</kw>
<kw name="Should Be Equal As Strings" library="BuiltIn">
<arg>${splittext}[1]</arg>
<arg>${RowGroupName}</arg>
<doc>Fails if objects are unequal after converting them to strings.</doc>
<status status="PASS" starttime="20210628 10:32:51.079" endtime="20210628 10:32:51.080"/>
</kw>
<status status="PASS" starttime="20210628 10:32:50.439" endtime="20210628 10:32:51.080"/>
</iter>
<status status="PASS" starttime="20210628 10:32:44.645" endtime="20210628 10:32:51.080"/>
</for>
<kw name="Click Element" library="Selenium2Library">
<arg>xpath=//*[@id="collapse1"]/form/div/div[9]/button[2]/i</arg>
<doc>Click the element identified by ``locator``.</doc>
<msg timestamp="20210628 10:32:51.080" level="INFO">Clicking element 'xpath=//*[@id="collapse1"]/form/div/div[9]/button[2]/i'.</msg>
<status status="PASS" starttime="20210628 10:32:51.080" endtime="20210628 10:32:51.735"/>
</kw>
<status status="PASS" starttime="20210628 10:32:41.136" endtime="20210628 10:32:51.735"/>
</iter>
<iter>
<var name="${i}">1</var>
<kw name="Click Element" library="Selenium2Library">
<arg>xpath=//*[@id="collapse1"]/form/div/div[${i}+1]/span/span[1]/span</arg>
<doc>Click the element identified by ``locator``.</doc>
<msg timestamp="20210628 10:32:51.736" level="INFO">Clicking element 'xpath=//*[@id="collapse1"]/form/div/div[1+1]/span/span[1]/span'.</msg>
<status status="PASS" starttime="20210628 10:32:51.735" endtime="20210628 10:32:52.433"/>
</kw>
<kw name="Get Text" library="Selenium2Library">
<var>${GroupName}</var>
<arg>xpath=//html/body/span/span/span[2]</arg>
<doc>Returns the text value of the element identified by ``locator``.</doc>
<msg timestamp="20210628 10:32:53.073" level="INFO">${GroupName} = -- All --
[011]: RG
[012]: SG
[021]: REG
[022]: OTHER
[031]: CORDYCEPS
[041]: SHOT
[051]: MILK
[061]: BERRY &amp; PRUNE
[062]: CELERY
[071]: VITAMIN
[081]: BEAUTY
[091]: HP
[092]: GB
[101]: ECONOMY HERB</msg>
<status status="PASS" starttime="20210628 10:32:52.433" endtime="20210628 10:32:53.073"/>
</kw>
<kw name="Split String" library="String">
<var>@{values}</var>
<arg>${GroupName}</arg>
<arg>\n</arg>
<doc>Splits the ``string`` using ``separator`` as a delimiter string.</doc>
<msg timestamp="20210628 10:32:53.074" level="INFO">@{values} = [ -- All -- | [011]: RG | [012]: SG | [021]: REG | [022]: OTHER | [031]: CORDYCEPS | [041]: SHOT | [051]: MILK | [061]: BERRY &amp; PRUNE | [062]: CELERY | [071]: VITAMIN | [081]: BEAUTY | [091]: HP | [09...</msg>
<status status="PASS" starttime="20210628 10:32:53.073" endtime="20210628 10:32:53.074"/>
</kw>
<kw name="Get Length" library="BuiltIn">
<var>${count}</var>
<arg>${values}</arg>
<doc>Returns and logs the length of the given item as an integer.</doc>
<msg timestamp="20210628 10:32:53.075" level="INFO">Length is 15</msg>
<msg timestamp="20210628 10:32:53.075" level="INFO">${count} = 15</msg>
<status status="PASS" starttime="20210628 10:32:53.074" endtime="20210628 10:32:53.075"/>
</kw>
<kw name="Evaluate" library="BuiltIn">
<var>${ran_int}</var>
<arg>random.randint(1, ${count}-1)</arg>
<arg>random</arg>
<doc>Evaluates the given expression in Python and returns the result.</doc>
<msg timestamp="20210628 10:32:53.076" level="INFO">${ran_int} = 11</msg>
<status status="PASS" starttime="20210628 10:32:53.075" endtime="20210628 10:32:53.076"/>
</kw>
<kw name="Click Element" library="Selenium2Library">
<arg>xpath=//li[contains(text(),'${values}[${ran_int}]')]</arg>
<doc>Click the element identified by ``locator``.</doc>
<msg timestamp="20210628 10:32:53.077" level="INFO">Clicking element 'xpath=//li[contains(text(),'[081]: BEAUTY')]'.</msg>
<status status="PASS" starttime="20210628 10:32:53.076" endtime="20210628 10:32:53.748"/>
</kw>
<kw name="Split String" library="String">
<var>@{splittext}</var>
<arg>${values}[${ran_int}]</arg>
<arg>:${SPACE}</arg>
<doc>Splits the ``string`` using ``separator`` as a delimiter string.</doc>
<msg timestamp="20210628 10:32:53.750" level="INFO">@{splittext} = [ [081] | BEAUTY ]</msg>
<status status="PASS" starttime="20210628 10:32:53.749" endtime="20210628 10:32:53.750"/>
</kw>
<kw name="Click Element" library="Selenium2Library">
<arg>xpath=//*[@id="btnSearch"]</arg>
<doc>Click the element identified by ``locator``.</doc>
<msg timestamp="20210628 10:32:53.751" level="INFO">Clicking element 'xpath=//*[@id="btnSearch"]'.</msg>
<status status="PASS" starttime="20210628 10:32:53.751" endtime="20210628 10:32:54.442"/>
</kw>
<kw name="Get Text" library="Selenium2Library">
<var>${entries}</var>
<arg>xpath= //*[@id="tblShowData_info"]</arg>
<doc>Returns the text value of the element identified by ``locator``.</doc>
<msg timestamp="20210628 10:32:55.080" level="INFO">${entries} = Showing 1 to 7 of 7 entries</msg>
<status status="PASS" starttime="20210628 10:32:54.442" endtime="20210628 10:32:55.081"/>
</kw>
<kw name="Split String" library="String">
<var>@{entrie}</var>
<arg>${entries}</arg>
<arg>${SPACE}</arg>
<doc>Splits the ``string`` using ``separator`` as a delimiter string.</doc>
<msg timestamp="20210628 10:32:55.082" level="INFO">@{entrie} = [ Showing | 1 | to | 7 | of | 7 | entries ]</msg>
<status status="PASS" starttime="20210628 10:32:55.081" endtime="20210628 10:32:55.082"/>
</kw>
<for flavor="IN RANGE">
<var>${j}</var>
<value>0</value>
<value>${entrie}[3]</value>
<iter>
<var name="${j}">0</var>
<kw name="Get Text" library="Selenium2Library">
<var>${RowGroupName}</var>
<arg>xpath=//*[@id="tblShowData"]/tbody/tr[${j}+1]/td[${i}+1]</arg>
<doc>Returns the text value of the element identified by ``locator``.</doc>
<msg timestamp="20210628 10:32:55.728" level="INFO">${RowGroupName} = BEAUTY</msg>
<status status="PASS" starttime="20210628 10:32:55.083" endtime="20210628 10:32:55.728"/>
</kw>
<kw name="Should Be Equal As Strings" library="BuiltIn">
<arg>${splittext}[1]</arg>
<arg>${RowGroupName}</arg>
<doc>Fails if objects are unequal after converting them to strings.</doc>
<status status="PASS" starttime="20210628 10:32:55.728" endtime="20210628 10:32:55.730"/>
</kw>
<status status="PASS" starttime="20210628 10:32:55.083" endtime="20210628 10:32:55.730"/>
</iter>
<iter>
<var name="${j}">1</var>
<kw name="Get Text" library="Selenium2Library">
<var>${RowGroupName}</var>
<arg>xpath=//*[@id="tblShowData"]/tbody/tr[${j}+1]/td[${i}+1]</arg>
<doc>Returns the text value of the element identified by ``locator``.</doc>
<msg timestamp="20210628 10:32:56.371" level="INFO">${RowGroupName} = BEAUTY</msg>
<status status="PASS" starttime="20210628 10:32:55.731" endtime="20210628 10:32:56.372"/>
</kw>
<kw name="Should Be Equal As Strings" library="BuiltIn">
<arg>${splittext}[1]</arg>
<arg>${RowGroupName}</arg>
<doc>Fails if objects are unequal after converting them to strings.</doc>
<status status="PASS" starttime="20210628 10:32:56.372" endtime="20210628 10:32:56.373"/>
</kw>
<status status="PASS" starttime="20210628 10:32:55.730" endtime="20210628 10:32:56.373"/>
</iter>
<iter>
<var name="${j}">2</var>
<kw name="Get Text" library="Selenium2Library">
<var>${RowGroupName}</var>
<arg>xpath=//*[@id="tblShowData"]/tbody/tr[${j}+1]/td[${i}+1]</arg>
<doc>Returns the text value of the element identified by ``locator``.</doc>
<msg timestamp="20210628 10:32:57.013" level="INFO">${RowGroupName} = BEAUTY</msg>
<status status="PASS" starttime="20210628 10:32:56.374" endtime="20210628 10:32:57.013"/>
</kw>
<kw name="Should Be Equal As Strings" library="BuiltIn">
<arg>${splittext}[1]</arg>
<arg>${RowGroupName}</arg>
<doc>Fails if objects are unequal after converting them to strings.</doc>
<status status="PASS" starttime="20210628 10:32:57.013" endtime="20210628 10:32:57.014"/>
</kw>
<status status="PASS" starttime="20210628 10:32:56.373" endtime="20210628 10:32:57.014"/>
</iter>
<iter>
<var name="${j}">3</var>
<kw name="Get Text" library="Selenium2Library">
<var>${RowGroupName}</var>
<arg>xpath=//*[@id="tblShowData"]/tbody/tr[${j}+1]/td[${i}+1]</arg>
<doc>Returns the text value of the element identified by ``locator``.</doc>
<msg timestamp="20210628 10:32:57.651" level="INFO">${RowGroupName} = BEAUTY</msg>
<status status="PASS" starttime="20210628 10:32:57.014" endtime="20210628 10:32:57.651"/>
</kw>
<kw name="Should Be Equal As Strings" library="BuiltIn">
<arg>${splittext}[1]</arg>
<arg>${RowGroupName}</arg>
<doc>Fails if objects are unequal after converting them to strings.</doc>
<status status="PASS" starttime="20210628 10:32:57.651" endtime="20210628 10:32:57.652"/>
</kw>
<status status="PASS" starttime="20210628 10:32:57.014" endtime="20210628 10:32:57.652"/>
</iter>
<iter>
<var name="${j}">4</var>
<kw name="Get Text" library="Selenium2Library">
<var>${RowGroupName}</var>
<arg>xpath=//*[@id="tblShowData"]/tbody/tr[${j}+1]/td[${i}+1]</arg>
<doc>Returns the text value of the element identified by ``locator``.</doc>
<msg timestamp="20210628 10:32:58.300" level="INFO">${RowGroupName} = BEAUTY</msg>
<status status="PASS" starttime="20210628 10:32:57.653" endtime="20210628 10:32:58.300"/>
</kw>
<kw name="Should Be Equal As Strings" library="BuiltIn">
<arg>${splittext}[1]</arg>
<arg>${RowGroupName}</arg>
<doc>Fails if objects are unequal after converting them to strings.</doc>
<status status="PASS" starttime="20210628 10:32:58.300" endtime="20210628 10:32:58.301"/>
</kw>
<status status="PASS" starttime="20210628 10:32:57.653" endtime="20210628 10:32:58.302"/>
</iter>
<iter>
<var name="${j}">5</var>
<kw name="Get Text" library="Selenium2Library">
<var>${RowGroupName}</var>
<arg>xpath=//*[@id="tblShowData"]/tbody/tr[${j}+1]/td[${i}+1]</arg>
<doc>Returns the text value of the element identified by ``locator``.</doc>
<msg timestamp="20210628 10:32:58.944" level="INFO">${RowGroupName} = BEAUTY</msg>
<status status="PASS" starttime="20210628 10:32:58.302" endtime="20210628 10:32:58.945"/>
</kw>
<kw name="Should Be Equal As Strings" library="BuiltIn">
<arg>${splittext}[1]</arg>
<arg>${RowGroupName}</arg>
<doc>Fails if objects are unequal after converting them to strings.</doc>
<status status="PASS" starttime="20210628 10:32:58.945" endtime="20210628 10:32:58.946"/>
</kw>
<status status="PASS" starttime="20210628 10:32:58.302" endtime="20210628 10:32:58.947"/>
</iter>
<iter>
<var name="${j}">6</var>
<kw name="Get Text" library="Selenium2Library">
<var>${RowGroupName}</var>
<arg>xpath=//*[@id="tblShowData"]/tbody/tr[${j}+1]/td[${i}+1]</arg>
<doc>Returns the text value of the element identified by ``locator``.</doc>
<msg timestamp="20210628 10:32:59.583" level="INFO">${RowGroupName} = BEAUTY</msg>
<status status="PASS" starttime="20210628 10:32:58.947" endtime="20210628 10:32:59.583"/>
</kw>
<kw name="Should Be Equal As Strings" library="BuiltIn">
<arg>${splittext}[1]</arg>
<arg>${RowGroupName}</arg>
<doc>Fails if objects are unequal after converting them to strings.</doc>
<status status="PASS" starttime="20210628 10:32:59.584" endtime="20210628 10:32:59.584"/>
</kw>
<status status="PASS" starttime="20210628 10:32:58.947" endtime="20210628 10:32:59.584"/>
</iter>
<status status="PASS" starttime="20210628 10:32:55.082" endtime="20210628 10:32:59.584"/>
</for>
<kw name="Click Element" library="Selenium2Library">
<arg>xpath=//*[@id="collapse1"]/form/div/div[9]/button[2]/i</arg>
<doc>Click the element identified by ``locator``.</doc>
<msg timestamp="20210628 10:32:59.585" level="INFO">Clicking element 'xpath=//*[@id="collapse1"]/form/div/div[9]/button[2]/i'.</msg>
<status status="PASS" starttime="20210628 10:32:59.585" endtime="20210628 10:33:00.252"/>
</kw>
<status status="PASS" starttime="20210628 10:32:51.735" endtime="20210628 10:33:00.253"/>
</iter>
<iter>
<var name="${i}">2</var>
<kw name="Click Element" library="Selenium2Library">
<arg>xpath=//*[@id="collapse1"]/form/div/div[${i}+1]/span/span[1]/span</arg>
<doc>Click the element identified by ``locator``.</doc>
<msg timestamp="20210628 10:33:00.254" level="INFO">Clicking element 'xpath=//*[@id="collapse1"]/form/div/div[2+1]/span/span[1]/span'.</msg>
<status status="PASS" starttime="20210628 10:33:00.253" endtime="20210628 10:33:00.954"/>
</kw>
<kw name="Get Text" library="Selenium2Library">
<var>${GroupName}</var>
<arg>xpath=//html/body/span/span/span[2]</arg>
<doc>Returns the text value of the element identified by ``locator``.</doc>
<msg timestamp="20210628 10:33:01.607" level="INFO">${GroupName} = -- All --
[01101]: RG - Reg
[01102]: RG - Xylitol
[01103]: JRG
[01104]: Pear
[01105]: MH
[01106]: Ginseng
[01107]: RG - Cordy+Gin Xy
[01201]: SG - Reg
[01202]: SG - Xylitol
[01203]: Supreme Selection
...</msg>
<status status="PASS" starttime="20210628 10:33:00.955" endtime="20210628 10:33:01.607"/>
</kw>
<kw name="Split String" library="String">
<var>@{values}</var>
<arg>${GroupName}</arg>
<arg>\n</arg>
<doc>Splits the ``string`` using ``separator`` as a delimiter string.</doc>
<msg timestamp="20210628 10:33:01.608" level="INFO">@{values} = [ -- All -- | [01101]: RG - Reg | [01102]: RG - Xylitol | [01103]: JRG | [01104]: Pear | [01105]: MH | [01106]: Ginseng | [01107]: RG - Cordy+Gin Xy | [01201]: SG - Reg | [01202]: SG - Xylitol | [0120...</msg>
<status status="PASS" starttime="20210628 10:33:01.607" endtime="20210628 10:33:01.608"/>
</kw>
<kw name="Get Length" library="BuiltIn">
<var>${count}</var>
<arg>${values}</arg>
<doc>Returns and logs the length of the given item as an integer.</doc>
<msg timestamp="20210628 10:33:01.609" level="INFO">Length is 35</msg>
<msg timestamp="20210628 10:33:01.609" level="INFO">${count} = 35</msg>
<status status="PASS" starttime="20210628 10:33:01.608" endtime="20210628 10:33:01.609"/>
</kw>
<kw name="Evaluate" library="BuiltIn">
<var>${ran_int}</var>
<arg>random.randint(1, ${count}-1)</arg>
<arg>random</arg>
<doc>Evaluates the given expression in Python and returns the result.</doc>
<msg timestamp="20210628 10:33:01.610" level="INFO">${ran_int} = 5</msg>
<status status="PASS" starttime="20210628 10:33:01.609" endtime="20210628 10:33:01.610"/>
</kw>
<kw name="Click Element" library="Selenium2Library">
<arg>xpath=//li[contains(text(),'${values}[${ran_int}]')]</arg>
<doc>Click the element identified by ``locator``.</doc>
<msg timestamp="20210628 10:33:01.611" level="INFO">Clicking element 'xpath=//li[contains(text(),'[01105]: MH')]'.</msg>
<status status="PASS" starttime="20210628 10:33:01.610" endtime="20210628 10:33:02.290"/>
</kw>
<kw name="Split String" library="String">
<var>@{splittext}</var>
<arg>${values}[${ran_int}]</arg>
<arg>:${SPACE}</arg>
<doc>Splits the ``string`` using ``separator`` as a delimiter string.</doc>
<msg timestamp="20210628 10:33:02.292" level="INFO">@{splittext} = [ [01105] | MH ]</msg>
<status status="PASS" starttime="20210628 10:33:02.291" endtime="20210628 10:33:02.292"/>
</kw>
<kw name="Click Element" library="Selenium2Library">
<arg>xpath=//*[@id="btnSearch"]</arg>
<doc>Click the element identified by ``locator``.</doc>
<msg timestamp="20210628 10:33:02.293" level="INFO">Clicking element 'xpath=//*[@id="btnSearch"]'.</msg>
<status status="PASS" starttime="20210628 10:33:02.292" endtime="20210628 10:33:02.994"/>
</kw>
<kw name="Get Text" library="Selenium2Library">
<var>${entries}</var>
<arg>xpath= //*[@id="tblShowData_info"]</arg>
<doc>Returns the text value of the element identified by ``locator``.</doc>
<msg timestamp="20210628 10:33:03.638" level="INFO">${entries} = Showing 1 to 1 of 1 entries</msg>
<status status="PASS" starttime="20210628 10:33:02.994" endtime="20210628 10:33:03.638"/>
</kw>
<kw name="Split String" library="String">
<var>@{entrie}</var>
<arg>${entries}</arg>
<arg>${SPACE}</arg>
<doc>Splits the ``string`` using ``separator`` as a delimiter string.</doc>
<msg timestamp="20210628 10:33:03.639" level="INFO">@{entrie} = [ Showing | 1 | to | 1 | of | 1 | entries ]</msg>
<status status="PASS" starttime="20210628 10:33:03.638" endtime="20210628 10:33:03.639"/>
</kw>
<for flavor="IN RANGE">
<var>${j}</var>
<value>0</value>
<value>${entrie}[3]</value>
<iter>
<var name="${j}">0</var>
<kw name="Get Text" library="Selenium2Library">
<var>${RowGroupName}</var>
<arg>xpath=//*[@id="tblShowData"]/tbody/tr[${j}+1]/td[${i}+1]</arg>
<doc>Returns the text value of the element identified by ``locator``.</doc>
<msg timestamp="20210628 10:33:04.284" level="INFO">${RowGroupName} = MH</msg>
<status status="PASS" starttime="20210628 10:33:03.640" endtime="20210628 10:33:04.284"/>
</kw>
<kw name="Should Be Equal As Strings" library="BuiltIn">
<arg>${splittext}[1]</arg>
<arg>${RowGroupName}</arg>
<doc>Fails if objects are unequal after converting them to strings.</doc>
<status status="PASS" starttime="20210628 10:33:04.284" endtime="20210628 10:33:04.285"/>
</kw>
<status status="PASS" starttime="20210628 10:33:03.640" endtime="20210628 10:33:04.285"/>
</iter>
<status status="PASS" starttime="20210628 10:33:03.639" endtime="20210628 10:33:04.285"/>
</for>
<kw name="Click Element" library="Selenium2Library">
<arg>xpath=//*[@id="collapse1"]/form/div/div[9]/button[2]/i</arg>
<doc>Click the element identified by ``locator``.</doc>
<msg timestamp="20210628 10:33:04.286" level="INFO">Clicking element 'xpath=//*[@id="collapse1"]/form/div/div[9]/button[2]/i'.</msg>
<status status="PASS" starttime="20210628 10:33:04.286" endtime="20210628 10:33:04.938"/>
</kw>
<status status="PASS" starttime="20210628 10:33:00.253" endtime="20210628 10:33:04.938"/>
</iter>
<iter>
<var name="${i}">3</var>
<kw name="Click Element" library="Selenium2Library">
<arg>xpath=//*[@id="collapse1"]/form/div/div[${i}+1]/span/span[1]/span</arg>
<doc>Click the element identified by ``locator``.</doc>
<msg timestamp="20210628 10:33:04.939" level="INFO">Clicking element 'xpath=//*[@id="collapse1"]/form/div/div[3+1]/span/span[1]/span'.</msg>
<status status="PASS" starttime="20210628 10:33:04.938" endtime="20210628 10:33:05.614"/>
</kw>
<kw name="Get Text" library="Selenium2Library">
<var>${GroupName}</var>
<arg>xpath=//html/body/span/span/span[2]</arg>
<doc>Returns the text value of the element identified by ``locator``.</doc>
<msg timestamp="20210628 10:33:06.250" level="INFO">${GroupName} = -- All --
[15]: P15
[06]: P6
[12]: P12
[01]: P1
[04]: P4
[03]: P3
[91]: HP
[92]: GB</msg>
<status status="PASS" starttime="20210628 10:33:05.615" endtime="20210628 10:33:06.250"/>
</kw>
<kw name="Split String" library="String">
<var>@{values}</var>
<arg>${GroupName}</arg>
<arg>\n</arg>
<doc>Splits the ``string`` using ``separator`` as a delimiter string.</doc>
<msg timestamp="20210628 10:33:06.251" level="INFO">@{values} = [ -- All -- | [15]: P15 | [06]: P6 | [12]: P12 | [01]: P1 | [04]: P4 | [03]: P3 | [91]: HP | [92]: GB ]</msg>
<status status="PASS" starttime="20210628 10:33:06.251" endtime="20210628 10:33:06.251"/>
</kw>
<kw name="Get Length" library="BuiltIn">
<var>${count}</var>
<arg>${values}</arg>
<doc>Returns and logs the length of the given item as an integer.</doc>
<msg timestamp="20210628 10:33:06.252" level="INFO">Length is 9</msg>
<msg timestamp="20210628 10:33:06.252" level="INFO">${count} = 9</msg>
<status status="PASS" starttime="20210628 10:33:06.251" endtime="20210628 10:33:06.252"/>
</kw>
<kw name="Evaluate" library="BuiltIn">
<var>${ran_int}</var>
<arg>random.randint(1, ${count}-1)</arg>
<arg>random</arg>
<doc>Evaluates the given expression in Python and returns the result.</doc>
<msg timestamp="20210628 10:33:06.252" level="INFO">${ran_int} = 1</msg>
<status status="PASS" starttime="20210628 10:33:06.252" endtime="20210628 10:33:06.252"/>
</kw>
<kw name="Click Element" library="Selenium2Library">
<arg>xpath=//li[contains(text(),'${values}[${ran_int}]')]</arg>
<doc>Click the element identified by ``locator``.</doc>
<msg timestamp="20210628 10:33:06.253" level="INFO">Clicking element 'xpath=//li[contains(text(),'[15]: P15')]'.</msg>
<status status="PASS" starttime="20210628 10:33:06.252" endtime="20210628 10:33:06.920"/>
</kw>
<kw name="Split String" library="String">
<var>@{splittext}</var>
<arg>${values}[${ran_int}]</arg>
<arg>:${SPACE}</arg>
<doc>Splits the ``string`` using ``separator`` as a delimiter string.</doc>
<msg timestamp="20210628 10:33:06.921" level="INFO">@{splittext} = [ [15] | P15 ]</msg>
<status status="PASS" starttime="20210628 10:33:06.920" endtime="20210628 10:33:06.921"/>
</kw>
<kw name="Click Element" library="Selenium2Library">
<arg>xpath=//*[@id="btnSearch"]</arg>
<doc>Click the element identified by ``locator``.</doc>
<msg timestamp="20210628 10:33:06.921" level="INFO">Clicking element 'xpath=//*[@id="btnSearch"]'.</msg>
<status status="PASS" starttime="20210628 10:33:06.921" endtime="20210628 10:33:07.589"/>
</kw>
<kw name="Get Text" library="Selenium2Library">
<var>${entries}</var>
<arg>xpath= //*[@id="tblShowData_info"]</arg>
<doc>Returns the text value of the element identified by ``locator``.</doc>
<msg timestamp="20210628 10:33:08.215" level="INFO">${entries} = Showing 1 to 7 of 7 entries</msg>
<status status="PASS" starttime="20210628 10:33:07.590" endtime="20210628 10:33:08.215"/>
</kw>
<kw name="Split String" library="String">
<var>@{entrie}</var>
<arg>${entries}</arg>
<arg>${SPACE}</arg>
<doc>Splits the ``string`` using ``separator`` as a delimiter string.</doc>
<msg timestamp="20210628 10:33:08.217" level="INFO">@{entrie} = [ Showing | 1 | to | 7 | of | 7 | entries ]</msg>
<status status="PASS" starttime="20210628 10:33:08.215" endtime="20210628 10:33:08.217"/>
</kw>
<for flavor="IN RANGE">
<var>${j}</var>
<value>0</value>
<value>${entrie}[3]</value>
<iter>
<var name="${j}">0</var>
<kw name="Get Text" library="Selenium2Library">
<var>${RowGroupName}</var>
<arg>xpath=//*[@id="tblShowData"]/tbody/tr[${j}+1]/td[${i}+1]</arg>
<doc>Returns the text value of the element identified by ``locator``.</doc>
<msg timestamp="20210628 10:33:08.850" level="INFO">${RowGroupName} = P15</msg>
<status status="PASS" starttime="20210628 10:33:08.218" endtime="20210628 10:33:08.850"/>
</kw>
<kw name="Should Be Equal As Strings" library="BuiltIn">
<arg>${splittext}[1]</arg>
<arg>${RowGroupName}</arg>
<doc>Fails if objects are unequal after converting them to strings.</doc>
<status status="PASS" starttime="20210628 10:33:08.851" endtime="20210628 10:33:08.851"/>
</kw>
<status status="PASS" starttime="20210628 10:33:08.218" endtime="20210628 10:33:08.851"/>
</iter>
<iter>
<var name="${j}">1</var>
<kw name="Get Text" library="Selenium2Library">
<var>${RowGroupName}</var>
<arg>xpath=//*[@id="tblShowData"]/tbody/tr[${j}+1]/td[${i}+1]</arg>
<doc>Returns the text value of the element identified by ``locator``.</doc>
<msg timestamp="20210628 10:33:09.496" level="INFO">${RowGroupName} = P15</msg>
<status status="PASS" starttime="20210628 10:33:08.852" endtime="20210628 10:33:09.496"/>
</kw>
<kw name="Should Be Equal As Strings" library="BuiltIn">
<arg>${splittext}[1]</arg>
<arg>${RowGroupName}</arg>
<doc>Fails if objects are unequal after converting them to strings.</doc>
<status status="PASS" starttime="20210628 10:33:09.497" endtime="20210628 10:33:09.497"/>
</kw>
<status status="PASS" starttime="20210628 10:33:08.851" endtime="20210628 10:33:09.497"/>
</iter>
<iter>
<var name="${j}">2</var>
<kw name="Get Text" library="Selenium2Library">
<var>${RowGroupName}</var>
<arg>xpath=//*[@id="tblShowData"]/tbody/tr[${j}+1]/td[${i}+1]</arg>
<doc>Returns the text value of the element identified by ``locator``.</doc>
<msg timestamp="20210628 10:33:10.128" level="INFO">${RowGroupName} = P15</msg>
<status status="PASS" starttime="20210628 10:33:09.498" endtime="20210628 10:33:10.128"/>
</kw>
<kw name="Should Be Equal As Strings" library="BuiltIn">
<arg>${splittext}[1]</arg>
<arg>${RowGroupName}</arg>
<doc>Fails if objects are unequal after converting them to strings.</doc>
<status status="PASS" starttime="20210628 10:33:10.128" endtime="20210628 10:33:10.129"/>
</kw>
<status status="PASS" starttime="20210628 10:33:09.498" endtime="20210628 10:33:10.129"/>
</iter>
<iter>
<var name="${j}">3</var>
<kw name="Get Text" library="Selenium2Library">
<var>${RowGroupName}</var>
<arg>xpath=//*[@id="tblShowData"]/tbody/tr[${j}+1]/td[${i}+1]</arg>
<doc>Returns the text value of the element identified by ``locator``.</doc>
<msg timestamp="20210628 10:33:10.763" level="INFO">${RowGroupName} = P15</msg>
<status status="PASS" starttime="20210628 10:33:10.129" endtime="20210628 10:33:10.763"/>
</kw>
<kw name="Should Be Equal As Strings" library="BuiltIn">
<arg>${splittext}[1]</arg>
<arg>${RowGroupName}</arg>
<doc>Fails if objects are unequal after converting them to strings.</doc>
<status status="PASS" starttime="20210628 10:33:10.763" endtime="20210628 10:33:10.764"/>
</kw>
<status status="PASS" starttime="20210628 10:33:10.129" endtime="20210628 10:33:10.764"/>
</iter>
<iter>
<var name="${j}">4</var>
<kw name="Get Text" library="Selenium2Library">
<var>${RowGroupName}</var>
<arg>xpath=//*[@id="tblShowData"]/tbody/tr[${j}+1]/td[${i}+1]</arg>
<doc>Returns the text value of the element identified by ``locator``.</doc>
<msg timestamp="20210628 10:33:11.403" level="INFO">${RowGroupName} = P15</msg>
<status status="PASS" starttime="20210628 10:33:10.764" endtime="20210628 10:33:11.403"/>
</kw>
<kw name="Should Be Equal As Strings" library="BuiltIn">
<arg>${splittext}[1]</arg>
<arg>${RowGroupName}</arg>
<doc>Fails if objects are unequal after converting them to strings.</doc>
<status status="PASS" starttime="20210628 10:33:11.404" endtime="20210628 10:33:11.405"/>
</kw>
<status status="PASS" starttime="20210628 10:33:10.764" endtime="20210628 10:33:11.405"/>
</iter>
<iter>
<var name="${j}">5</var>
<kw name="Get Text" library="Selenium2Library">
<var>${RowGroupName}</var>
<arg>xpath=//*[@id="tblShowData"]/tbody/tr[${j}+1]/td[${i}+1]</arg>
<doc>Returns the text value of the element identified by ``locator``.</doc>
<msg timestamp="20210628 10:33:12.037" level="INFO">${RowGroupName} = P15</msg>
<status status="PASS" starttime="20210628 10:33:11.405" endtime="20210628 10:33:12.037"/>
</kw>
<kw name="Should Be Equal As Strings" library="BuiltIn">
<arg>${splittext}[1]</arg>
<arg>${RowGroupName}</arg>
<doc>Fails if objects are unequal after converting them to strings.</doc>
<status status="PASS" starttime="20210628 10:33:12.038" endtime="20210628 10:33:12.038"/>
</kw>
<status status="PASS" starttime="20210628 10:33:11.405" endtime="20210628 10:33:12.038"/>
</iter>
<iter>
<var name="${j}">6</var>
<kw name="Get Text" library="Selenium2Library">
<var>${RowGroupName}</var>
<arg>xpath=//*[@id="tblShowData"]/tbody/tr[${j}+1]/td[${i}+1]</arg>
<doc>Returns the text value of the element identified by ``locator``.</doc>
<msg timestamp="20210628 10:33:12.669" level="INFO">${RowGroupName} = P15</msg>
<status status="PASS" starttime="20210628 10:33:12.038" endtime="20210628 10:33:12.669"/>
</kw>
<kw name="Should Be Equal As Strings" library="BuiltIn">
<arg>${splittext}[1]</arg>
<arg>${RowGroupName}</arg>
<doc>Fails if objects are unequal after converting them to strings.</doc>
<status status="PASS" starttime="20210628 10:33:12.670" endtime="20210628 10:33:12.671"/>
</kw>
<status status="PASS" starttime="20210628 10:33:12.038" endtime="20210628 10:33:12.671"/>
</iter>
<status status="PASS" starttime="20210628 10:33:08.217" endtime="20210628 10:33:12.671"/>
</for>
<kw name="Click Element" library="Selenium2Library">
<arg>xpath=//*[@id="collapse1"]/form/div/div[9]/button[2]/i</arg>
<doc>Click the element identified by ``locator``.</doc>
<msg timestamp="20210628 10:33:12.672" level="INFO">Clicking element 'xpath=//*[@id="collapse1"]/form/div/div[9]/button[2]/i'.</msg>
<status status="PASS" starttime="20210628 10:33:12.671" endtime="20210628 10:33:13.317"/>
</kw>
<status status="PASS" starttime="20210628 10:33:04.938" endtime="20210628 10:33:13.317"/>
</iter>
<iter>
<var name="${i}">4</var>
<kw name="Click Element" library="Selenium2Library">
<arg>xpath=//*[@id="collapse1"]/form/div/div[${i}+1]/span/span[1]/span</arg>
<doc>Click the element identified by ``locator``.</doc>
<msg timestamp="20210628 10:33:13.318" level="INFO">Clicking element 'xpath=//*[@id="collapse1"]/form/div/div[4+1]/span/span[1]/span'.</msg>
<status status="PASS" starttime="20210628 10:33:13.318" endtime="20210628 10:33:13.989"/>
</kw>
<kw name="Get Text" library="Selenium2Library">
<var>${GroupName}</var>
<arg>xpath=//html/body/span/span/span[2]</arg>
<doc>Returns the text value of the element identified by ``locator``.</doc>
<msg timestamp="20210628 10:33:14.612" level="INFO">${GroupName} = -- All --
[1]: S
[3]: XL
[2]: L</msg>
<status status="PASS" starttime="20210628 10:33:13.990" endtime="20210628 10:33:14.613"/>
</kw>
<kw name="Split String" library="String">
<var>@{values}</var>
<arg>${GroupName}</arg>
<arg>\n</arg>
<doc>Splits the ``string`` using ``separator`` as a delimiter string.</doc>
<msg timestamp="20210628 10:33:14.614" level="INFO">@{values} = [ -- All -- | [1]: S | [3]: XL | [2]: L ]</msg>
<status status="PASS" starttime="20210628 10:33:14.613" endtime="20210628 10:33:14.614"/>
</kw>
<kw name="Get Length" library="BuiltIn">
<var>${count}</var>
<arg>${values}</arg>
<doc>Returns and logs the length of the given item as an integer.</doc>
<msg timestamp="20210628 10:33:14.615" level="INFO">Length is 4</msg>
<msg timestamp="20210628 10:33:14.615" level="INFO">${count} = 4</msg>
<status status="PASS" starttime="20210628 10:33:14.614" endtime="20210628 10:33:14.615"/>
</kw>
<kw name="Evaluate" library="BuiltIn">
<var>${ran_int}</var>
<arg>random.randint(1, ${count}-1)</arg>
<arg>random</arg>
<doc>Evaluates the given expression in Python and returns the result.</doc>
<msg timestamp="20210628 10:33:14.615" level="INFO">${ran_int} = 3</msg>
<status status="PASS" starttime="20210628 10:33:14.615" endtime="20210628 10:33:14.615"/>
</kw>
<kw name="Click Element" library="Selenium2Library">
<arg>xpath=//li[contains(text(),'${values}[${ran_int}]')]</arg>
<doc>Click the element identified by ``locator``.</doc>
<msg timestamp="20210628 10:33:14.616" level="INFO">Clicking element 'xpath=//li[contains(text(),'[2]: L')]'.</msg>
<status status="PASS" starttime="20210628 10:33:14.616" endtime="20210628 10:33:15.291"/>
</kw>
<kw name="Split String" library="String">
<var>@{splittext}</var>
<arg>${values}[${ran_int}]</arg>
<arg>:${SPACE}</arg>
<doc>Splits the ``string`` using ``separator`` as a delimiter string.</doc>
<msg timestamp="20210628 10:33:15.292" level="INFO">@{splittext} = [ [2] | L ]</msg>
<status status="PASS" starttime="20210628 10:33:15.291" endtime="20210628 10:33:15.292"/>
</kw>
<kw name="Click Element" library="Selenium2Library">
<arg>xpath=//*[@id="btnSearch"]</arg>
<doc>Click the element identified by ``locator``.</doc>
<msg timestamp="20210628 10:33:15.293" level="INFO">Clicking element 'xpath=//*[@id="btnSearch"]'.</msg>
<status status="PASS" starttime="20210628 10:33:15.293" endtime="20210628 10:33:15.981"/>
</kw>
<kw name="Get Text" library="Selenium2Library">
<var>${entries}</var>
<arg>xpath= //*[@id="tblShowData_info"]</arg>
<doc>Returns the text value of the element identified by ``locator``.</doc>
<msg timestamp="20210628 10:33:16.621" level="INFO">${entries} = Showing 1 to 10 of 25 entries</msg>
<status status="PASS" starttime="20210628 10:33:15.982" endtime="20210628 10:33:16.622"/>
</kw>
<kw name="Split String" library="String">
<var>@{entrie}</var>
<arg>${entries}</arg>
<arg>${SPACE}</arg>
<doc>Splits the ``string`` using ``separator`` as a delimiter string.</doc>
<msg timestamp="20210628 10:33:16.623" level="INFO">@{entrie} = [ Showing | 1 | to | 10 | of | 25 | entries ]</msg>
<status status="PASS" starttime="20210628 10:33:16.622" endtime="20210628 10:33:16.623"/>
</kw>
<for flavor="IN RANGE">
<var>${j}</var>
<value>0</value>
<value>${entrie}[3]</value>
<iter>
<var name="${j}">0</var>
<kw name="Get Text" library="Selenium2Library">
<var>${RowGroupName}</var>
<arg>xpath=//*[@id="tblShowData"]/tbody/tr[${j}+1]/td[${i}+1]</arg>
<doc>Returns the text value of the element identified by ``locator``.</doc>
<msg timestamp="20210628 10:33:17.267" level="INFO">${RowGroupName} = L</msg>
<status status="PASS" starttime="20210628 10:33:16.624" endtime="20210628 10:33:17.267"/>
</kw>
<kw name="Should Be Equal As Strings" library="BuiltIn">
<arg>${splittext}[1]</arg>
<arg>${RowGroupName}</arg>
<doc>Fails if objects are unequal after converting them to strings.</doc>
<status status="PASS" starttime="20210628 10:33:17.267" endtime="20210628 10:33:17.268"/>
</kw>
<status status="PASS" starttime="20210628 10:33:16.624" endtime="20210628 10:33:17.268"/>
</iter>
<iter>
<var name="${j}">1</var>
<kw name="Get Text" library="Selenium2Library">
<var>${RowGroupName}</var>
<arg>xpath=//*[@id="tblShowData"]/tbody/tr[${j}+1]/td[${i}+1]</arg>
<doc>Returns the text value of the element identified by ``locator``.</doc>
<msg timestamp="20210628 10:33:17.907" level="INFO">${RowGroupName} = L</msg>
<status status="PASS" starttime="20210628 10:33:17.269" endtime="20210628 10:33:17.907"/>
</kw>
<kw name="Should Be Equal As Strings" library="BuiltIn">
<arg>${splittext}[1]</arg>
<arg>${RowGroupName}</arg>
<doc>Fails if objects are unequal after converting them to strings.</doc>
<status status="PASS" starttime="20210628 10:33:17.908" endtime="20210628 10:33:17.909"/>
</kw>
<status status="PASS" starttime="20210628 10:33:17.269" endtime="20210628 10:33:17.909"/>
</iter>
<iter>
<var name="${j}">2</var>
<kw name="Get Text" library="Selenium2Library">
<var>${RowGroupName}</var>
<arg>xpath=//*[@id="tblShowData"]/tbody/tr[${j}+1]/td[${i}+1]</arg>
<doc>Returns the text value of the element identified by ``locator``.</doc>
<msg timestamp="20210628 10:33:18.544" level="INFO">${RowGroupName} = L</msg>
<status status="PASS" starttime="20210628 10:33:17.910" endtime="20210628 10:33:18.544"/>
</kw>
<kw name="Should Be Equal As Strings" library="BuiltIn">
<arg>${splittext}[1]</arg>
<arg>${RowGroupName}</arg>
<doc>Fails if objects are unequal after converting them to strings.</doc>
<status status="PASS" starttime="20210628 10:33:18.544" endtime="20210628 10:33:18.545"/>
</kw>
<status status="PASS" starttime="20210628 10:33:17.909" endtime="20210628 10:33:18.545"/>
</iter>
<iter>
<var name="${j}">3</var>
<kw name="Get Text" library="Selenium2Library">
<var>${RowGroupName}</var>
<arg>xpath=//*[@id="tblShowData"]/tbody/tr[${j}+1]/td[${i}+1]</arg>
<doc>Returns the text value of the element identified by ``locator``.</doc>
<msg timestamp="20210628 10:33:19.195" level="INFO">${RowGroupName} = L</msg>
<status status="PASS" starttime="20210628 10:33:18.546" endtime="20210628 10:33:19.195"/>
</kw>
<kw name="Should Be Equal As Strings" library="BuiltIn">
<arg>${splittext}[1]</arg>
<arg>${RowGroupName}</arg>
<doc>Fails if objects are unequal after converting them to strings.</doc>
<status status="PASS" starttime="20210628 10:33:19.195" endtime="20210628 10:33:19.196"/>
</kw>
<status status="PASS" starttime="20210628 10:33:18.546" endtime="20210628 10:33:19.196"/>
</iter>
<iter>
<var name="${j}">4</var>
<kw name="Get Text" library="Selenium2Library">
<var>${RowGroupName}</var>
<arg>xpath=//*[@id="tblShowData"]/tbody/tr[${j}+1]/td[${i}+1]</arg>
<doc>Returns the text value of the element identified by ``locator``.</doc>
<msg timestamp="20210628 10:33:19.834" level="INFO">${RowGroupName} = L</msg>
<status status="PASS" starttime="20210628 10:33:19.197" endtime="20210628 10:33:19.834"/>
</kw>
<kw name="Should Be Equal As Strings" library="BuiltIn">
<arg>${splittext}[1]</arg>
<arg>${RowGroupName}</arg>
<doc>Fails if objects are unequal after converting them to strings.</doc>
<status status="PASS" starttime="20210628 10:33:19.835" endtime="20210628 10:33:19.836"/>
</kw>
<status status="PASS" starttime="20210628 10:33:19.196" endtime="20210628 10:33:19.836"/>
</iter>
<iter>
<var name="${j}">5</var>
<kw name="Get Text" library="Selenium2Library">
<var>${RowGroupName}</var>
<arg>xpath=//*[@id="tblShowData"]/tbody/tr[${j}+1]/td[${i}+1]</arg>
<doc>Returns the text value of the element identified by ``locator``.</doc>
<msg timestamp="20210628 10:33:20.466" level="INFO">${RowGroupName} = L</msg>
<status status="PASS" starttime="20210628 10:33:19.836" endtime="20210628 10:33:20.466"/>
</kw>
<kw name="Should Be Equal As Strings" library="BuiltIn">
<arg>${splittext}[1]</arg>
<arg>${RowGroupName}</arg>
<doc>Fails if objects are unequal after converting them to strings.</doc>
<status status="PASS" starttime="20210628 10:33:20.467" endtime="20210628 10:33:20.467"/>
</kw>
<status status="PASS" starttime="20210628 10:33:19.836" endtime="20210628 10:33:20.467"/>
</iter>
<iter>
<var name="${j}">6</var>
<kw name="Get Text" library="Selenium2Library">
<var>${RowGroupName}</var>
<arg>xpath=//*[@id="tblShowData"]/tbody/tr[${j}+1]/td[${i}+1]</arg>
<doc>Returns the text value of the element identified by ``locator``.</doc>
<msg timestamp="20210628 10:33:21.098" level="INFO">${RowGroupName} = L</msg>
<status status="PASS" starttime="20210628 10:33:20.468" endtime="20210628 10:33:21.098"/>
</kw>
<kw name="Should Be Equal As Strings" library="BuiltIn">
<arg>${splittext}[1]</arg>
<arg>${RowGroupName}</arg>
<doc>Fails if objects are unequal after converting them to strings.</doc>
<status status="PASS" starttime="20210628 10:33:21.099" endtime="20210628 10:33:21.099"/>
</kw>
<status status="PASS" starttime="20210628 10:33:20.467" endtime="20210628 10:33:21.099"/>
</iter>
<iter>
<var name="${j}">7</var>
<kw name="Get Text" library="Selenium2Library">
<var>${RowGroupName}</var>
<arg>xpath=//*[@id="tblShowData"]/tbody/tr[${j}+1]/td[${i}+1]</arg>
<doc>Returns the text value of the element identified by ``locator``.</doc>
<msg timestamp="20210628 10:33:21.738" level="INFO">${RowGroupName} = L</msg>
<status status="PASS" starttime="20210628 10:33:21.100" endtime="20210628 10:33:21.738"/>
</kw>
<kw name="Should Be Equal As Strings" library="BuiltIn">
<arg>${splittext}[1]</arg>
<arg>${RowGroupName}</arg>
<doc>Fails if objects are unequal after converting them to strings.</doc>
<status status="PASS" starttime="20210628 10:33:21.738" endtime="20210628 10:33:21.739"/>
</kw>
<status status="PASS" starttime="20210628 10:33:21.100" endtime="20210628 10:33:21.739"/>
</iter>
<iter>
<var name="${j}">8</var>
<kw name="Get Text" library="Selenium2Library">
<var>${RowGroupName}</var>
<arg>xpath=//*[@id="tblShowData"]/tbody/tr[${j}+1]/td[${i}+1]</arg>
<doc>Returns the text value of the element identified by ``locator``.</doc>
<msg timestamp="20210628 10:33:22.384" level="INFO">${RowGroupName} = L</msg>
<status status="PASS" starttime="20210628 10:33:21.740" endtime="20210628 10:33:22.384"/>
</kw>
<kw name="Should Be Equal As Strings" library="BuiltIn">
<arg>${splittext}[1]</arg>
<arg>${RowGroupName}</arg>
<doc>Fails if objects are unequal after converting them to strings.</doc>
<status status="PASS" starttime="20210628 10:33:22.384" endtime="20210628 10:33:22.384"/>
</kw>
<status status="PASS" starttime="20210628 10:33:21.740" endtime="20210628 10:33:22.384"/>
</iter>
<iter>
<var name="${j}">9</var>
<kw name="Get Text" library="Selenium2Library">
<var>${RowGroupName}</var>
<arg>xpath=//*[@id="tblShowData"]/tbody/tr[${j}+1]/td[${i}+1]</arg>
<doc>Returns the text value of the element identified by ``locator``.</doc>
<msg timestamp="20210628 10:33:23.019" level="INFO">${RowGroupName} = L</msg>
<status status="PASS" starttime="20210628 10:33:22.385" endtime="20210628 10:33:23.020"/>
</kw>
<kw name="Should Be Equal As Strings" library="BuiltIn">
<arg>${splittext}[1]</arg>
<arg>${RowGroupName}</arg>
<doc>Fails if objects are unequal after converting them to strings.</doc>
<status status="PASS" starttime="20210628 10:33:23.020" endtime="20210628 10:33:23.021"/>
</kw>
<status status="PASS" starttime="20210628 10:33:22.385" endtime="20210628 10:33:23.021"/>
</iter>
<status status="PASS" starttime="20210628 10:33:16.623" endtime="20210628 10:33:23.022"/>
</for>
<kw name="Click Element" library="Selenium2Library">
<arg>xpath=//*[@id="collapse1"]/form/div/div[9]/button[2]/i</arg>
<doc>Click the element identified by ``locator``.</doc>
<msg timestamp="20210628 10:33:23.022" level="INFO">Clicking element 'xpath=//*[@id="collapse1"]/form/div/div[9]/button[2]/i'.</msg>
<status status="PASS" starttime="20210628 10:33:23.022" endtime="20210628 10:33:23.667"/>
</kw>
<status status="PASS" starttime="20210628 10:33:13.318" endtime="20210628 10:33:23.667"/>
</iter>
<status status="PASS" starttime="20210628 10:32:41.136" endtime="20210628 10:33:23.667"/>
</for>
<status status="PASS" starttime="20210628 10:32:41.135" endtime="20210628 10:33:23.667"/>
</kw>
<status status="PASS" starttime="20210628 10:32:41.132" endtime="20210628 10:33:23.667"/>
</test>
<test id="s1-t5" name="PRO_008 - PRO_009 ค้นหาโดยระบุเงื่อนไข ค้นหาข้อมูลจาก Active Status, Sales Item">
<kw name="PRO_008 - PRO_009">
<for flavor="IN RANGE">
<var>${i}</var>
<value>5</value>
<value>7</value>
<iter>
<var name="${i}">5</var>
<kw name="Click Element" library="Selenium2Library">
<arg>xpath=//*[@id="collapse1"]/form/div/div[${i}+1]/span/span[1]/span</arg>
<doc>Click the element identified by ``locator``.</doc>
<msg timestamp="20210628 10:33:23.674" level="INFO">Clicking element 'xpath=//*[@id="collapse1"]/form/div/div[5+1]/span/span[1]/span'.</msg>
<status status="PASS" starttime="20210628 10:33:23.673" endtime="20210628 10:33:24.346"/>
</kw>
<kw name="Get Text" library="Selenium2Library">
<var>${GroupName}</var>
<arg>xpath=//html/body/span/span/span[2]</arg>
<doc>Returns the text value of the element identified by ``locator``.</doc>
<msg timestamp="20210628 10:33:24.980" level="INFO">${GroupName} = -- All --
Active
InActive</msg>
<status status="PASS" starttime="20210628 10:33:24.346" endtime="20210628 10:33:24.980"/>
</kw>
<kw name="Split String" library="String">
<var>@{values}</var>
<arg>${GroupName}</arg>
<arg>\n</arg>
<doc>Splits the ``string`` using ``separator`` as a delimiter string.</doc>
<msg timestamp="20210628 10:33:24.982" level="INFO">@{values} = [ -- All -- | Active | InActive ]</msg>
<status status="PASS" starttime="20210628 10:33:24.981" endtime="20210628 10:33:24.982"/>
</kw>
<kw name="Get Length" library="BuiltIn">
<var>${count}</var>
<arg>${values}</arg>
<doc>Returns and logs the length of the given item as an integer.</doc>
<msg timestamp="20210628 10:33:24.982" level="INFO">Length is 3</msg>
<msg timestamp="20210628 10:33:24.983" level="INFO">${count} = 3</msg>
<status status="PASS" starttime="20210628 10:33:24.982" endtime="20210628 10:33:24.983"/>
</kw>
<kw name="Evaluate" library="BuiltIn">
<var>${ran_int}</var>
<arg>random.randint(1, ${count}-1)</arg>
<arg>random</arg>
<doc>Evaluates the given expression in Python and returns the result.</doc>
<msg timestamp="20210628 10:33:24.984" level="INFO">${ran_int} = 1</msg>
<status status="PASS" starttime="20210628 10:33:24.983" endtime="20210628 10:33:24.984"/>
</kw>
<kw name="Click Element" library="Selenium2Library">
<arg>xpath=//li[contains(text(),'${values}[${ran_int}]')]</arg>
<doc>Click the element identified by ``locator``.</doc>
<msg timestamp="20210628 10:33:24.985" level="INFO">Clicking element 'xpath=//li[contains(text(),'Active')]'.</msg>
<status status="PASS" starttime="20210628 10:33:24.984" endtime="20210628 10:33:25.648"/>
</kw>
<kw name="Click Element" library="Selenium2Library">
<arg>xpath=//*[@id="btnSearch"]</arg>
<doc>Click the element identified by ``locator``.</doc>
<msg timestamp="20210628 10:33:25.649" level="INFO">Clicking element 'xpath=//*[@id="btnSearch"]'.</msg>
<status status="PASS" starttime="20210628 10:33:25.648" endtime="20210628 10:33:26.351"/>
</kw>
<kw name="Get Text" library="Selenium2Library">
<var>${entries}</var>
<arg>xpath= //*[@id="tblShowData_info"]</arg>
<doc>Returns the text value of the element identified by ``locator``.</doc>
<msg timestamp="20210628 10:33:27.014" level="INFO">${entries} = Showing 1 to 10 of 173 entries</msg>
<status status="PASS" starttime="20210628 10:33:26.352" endtime="20210628 10:33:27.014"/>
</kw>
<kw name="Split String" library="String">
<var>@{entrie}</var>
<arg>${entries}</arg>
<arg>${SPACE}</arg>
<doc>Splits the ``string`` using ``separator`` as a delimiter string.</doc>
<msg timestamp="20210628 10:33:27.015" level="INFO">@{entrie} = [ Showing | 1 | to | 10 | of | 173 | entries ]</msg>
<status status="PASS" starttime="20210628 10:33:27.014" endtime="20210628 10:33:27.015"/>
</kw>
<for flavor="IN RANGE">
<var>${j}</var>
<value>0</value>
<value>${entrie}[3]</value>
<iter>
<var name="${j}">0</var>
<kw name="Get Text" library="Selenium2Library">
<var>${RowGroupName}</var>
<arg>xpath=//*[@id="tblShowData"]/tbody/tr[${j}+1]/td[${i}+3]</arg>
<doc>Returns the text value of the element identified by ``locator``.</doc>
<msg timestamp="20210628 10:33:27.647" level="INFO">${RowGroupName} = Active</msg>
<status status="PASS" starttime="20210628 10:33:27.016" endtime="20210628 10:33:27.647"/>
</kw>
<kw name="Should Be Equal As Strings" library="BuiltIn">
<arg>${values}[${ran_int}]</arg>
<arg>${RowGroupName}</arg>
<doc>Fails if objects are unequal after converting them to strings.</doc>
<status status="PASS" starttime="20210628 10:33:27.647" endtime="20210628 10:33:27.648"/>
</kw>
<status status="PASS" starttime="20210628 10:33:27.016" endtime="20210628 10:33:27.649"/>
</iter>
<iter>
<var name="${j}">1</var>
<kw name="Get Text" library="Selenium2Library">
<var>${RowGroupName}</var>
<arg>xpath=//*[@id="tblShowData"]/tbody/tr[${j}+1]/td[${i}+3]</arg>
<doc>Returns the text value of the element identified by ``locator``.</doc>
<msg timestamp="20210628 10:33:28.282" level="INFO">${RowGroupName} = Active</msg>
<status status="PASS" starttime="20210628 10:33:27.649" endtime="20210628 10:33:28.282"/>
</kw>
<kw name="Should Be Equal As Strings" library="BuiltIn">
<arg>${values}[${ran_int}]</arg>
<arg>${RowGroupName}</arg>
<doc>Fails if objects are unequal after converting them to strings.</doc>
<status status="PASS" starttime="20210628 10:33:28.282" endtime="20210628 10:33:28.284"/>
</kw>
<status status="PASS" starttime="20210628 10:33:27.649" endtime="20210628 10:33:28.284"/>
</iter>
<iter>
<var name="${j}">2</var>
<kw name="Get Text" library="Selenium2Library">
<var>${RowGroupName}</var>
<arg>xpath=//*[@id="tblShowData"]/tbody/tr[${j}+1]/td[${i}+3]</arg>
<doc>Returns the text value of the element identified by ``locator``.</doc>
<msg timestamp="20210628 10:33:28.923" level="INFO">${RowGroupName} = Active</msg>
<status status="PASS" starttime="20210628 10:33:28.284" endtime="20210628 10:33:28.923"/>
</kw>
<kw name="Should Be Equal As Strings" library="BuiltIn">
<arg>${values}[${ran_int}]</arg>
<arg>${RowGroupName}</arg>
<doc>Fails if objects are unequal after converting them to strings.</doc>
<status status="PASS" starttime="20210628 10:33:28.923" endtime="20210628 10:33:28.924"/>
</kw>
<status status="PASS" starttime="20210628 10:33:28.284" endtime="20210628 10:33:28.924"/>
</iter>
<iter>
<var name="${j}">3</var>
<kw name="Get Text" library="Selenium2Library">
<var>${RowGroupName}</var>
<arg>xpath=//*[@id="tblShowData"]/tbody/tr[${j}+1]/td[${i}+3]</arg>
<doc>Returns the text value of the element identified by ``locator``.</doc>
<msg timestamp="20210628 10:33:29.549" level="INFO">${RowGroupName} = Active</msg>
<status status="PASS" starttime="20210628 10:33:28.924" endtime="20210628 10:33:29.549"/>
</kw>
<kw name="Should Be Equal As Strings" library="BuiltIn">
<arg>${values}[${ran_int}]</arg>
<arg>${RowGroupName}</arg>
<doc>Fails if objects are unequal after converting them to strings.</doc>
<status status="PASS" starttime="20210628 10:33:29.550" endtime="20210628 10:33:29.551"/>
</kw>
<status status="PASS" starttime="20210628 10:33:28.924" endtime="20210628 10:33:29.551"/>
</iter>
<iter>
<var name="${j}">4</var>
<kw name="Get Text" library="Selenium2Library">
<var>${RowGroupName}</var>
<arg>xpath=//*[@id="tblShowData"]/tbody/tr[${j}+1]/td[${i}+3]</arg>
<doc>Returns the text value of the element identified by ``locator``.</doc>
<msg timestamp="20210628 10:33:30.182" level="INFO">${RowGroupName} = Active</msg>
<status status="PASS" starttime="20210628 10:33:29.551" endtime="20210628 10:33:30.182"/>
</kw>
<kw name="Should Be Equal As Strings" library="BuiltIn">
<arg>${values}[${ran_int}]</arg>
<arg>${RowGroupName}</arg>
<doc>Fails if objects are unequal after converting them to strings.</doc>
<status status="PASS" starttime="20210628 10:33:30.183" endtime="20210628 10:33:30.183"/>
</kw>
<status status="PASS" starttime="20210628 10:33:29.551" endtime="20210628 10:33:30.183"/>
</iter>
<iter>
<var name="${j}">5</var>
<kw name="Get Text" library="Selenium2Library">
<var>${RowGroupName}</var>
<arg>xpath=//*[@id="tblShowData"]/tbody/tr[${j}+1]/td[${i}+3]</arg>
<doc>Returns the text value of the element identified by ``locator``.</doc>
<msg timestamp="20210628 10:33:30.823" level="INFO">${RowGroupName} = Active</msg>
<status status="PASS" starttime="20210628 10:33:30.183" endtime="20210628 10:33:30.823"/>
</kw>
<kw name="Should Be Equal As Strings" library="BuiltIn">
<arg>${values}[${ran_int}]</arg>
<arg>${RowGroupName}</arg>
<doc>Fails if objects are unequal after converting them to strings.</doc>
<status status="PASS" starttime="20210628 10:33:30.823" endtime="20210628 10:33:30.824"/>
</kw>
<status status="PASS" starttime="20210628 10:33:30.183" endtime="20210628 10:33:30.824"/>
</iter>
<iter>
<var name="${j}">6</var>
<kw name="Get Text" library="Selenium2Library">
<var>${RowGroupName}</var>
<arg>xpath=//*[@id="tblShowData"]/tbody/tr[${j}+1]/td[${i}+3]</arg>
<doc>Returns the text value of the element identified by ``locator``.</doc>
<msg timestamp="20210628 10:33:31.461" level="INFO">${RowGroupName} = Active</msg>
<status status="PASS" starttime="20210628 10:33:30.825" endtime="20210628 10:33:31.461"/>
</kw>
<kw name="Should Be Equal As Strings" library="BuiltIn">
<arg>${values}[${ran_int}]</arg>
<arg>${RowGroupName}</arg>
<doc>Fails if objects are unequal after converting them to strings.</doc>
<status status="PASS" starttime="20210628 10:33:31.461" endtime="20210628 10:33:31.462"/>
</kw>
<status status="PASS" starttime="20210628 10:33:30.824" endtime="20210628 10:33:31.462"/>
</iter>
<iter>
<var name="${j}">7</var>
<kw name="Get Text" library="Selenium2Library">
<var>${RowGroupName}</var>
<arg>xpath=//*[@id="tblShowData"]/tbody/tr[${j}+1]/td[${i}+3]</arg>
<doc>Returns the text value of the element identified by ``locator``.</doc>
<msg timestamp="20210628 10:33:32.102" level="INFO">${RowGroupName} = Active</msg>
<status status="PASS" starttime="20210628 10:33:31.462" endtime="20210628 10:33:32.102"/>
</kw>
<kw name="Should Be Equal As Strings" library="BuiltIn">
<arg>${values}[${ran_int}]</arg>
<arg>${RowGroupName}</arg>
<doc>Fails if objects are unequal after converting them to strings.</doc>
<status status="PASS" starttime="20210628 10:33:32.102" endtime="20210628 10:33:32.103"/>
</kw>
<status status="PASS" starttime="20210628 10:33:31.462" endtime="20210628 10:33:32.103"/>
</iter>
<iter>
<var name="${j}">8</var>
<kw name="Get Text" library="Selenium2Library">
<var>${RowGroupName}</var>
<arg>xpath=//*[@id="tblShowData"]/tbody/tr[${j}+1]/td[${i}+3]</arg>
<doc>Returns the text value of the element identified by ``locator``.</doc>
<msg timestamp="20210628 10:33:32.732" level="INFO">${RowGroupName} = Active</msg>
<status status="PASS" starttime="20210628 10:33:32.103" endtime="20210628 10:33:32.732"/>
</kw>
<kw name="Should Be Equal As Strings" library="BuiltIn">
[...]
<arg>id=UNIT1</arg>
<arg>${UOM1}</arg>
<doc>Types the given ``text`` into the text field identified by ``locator``.</doc>
<msg timestamp="20210628 10:34:39.695" level="INFO">Typing text 'Points' into text field 'id=UNIT1'.</msg>
<status status="PASS" starttime="20210628 10:34:39.694" endtime="20210628 10:34:40.723"/>
</kw>
<kw name="Input Text" library="Selenium2Library">
<arg>id=UNIT1NAME</arg>
<arg>${SPACE}</arg>
<doc>Types the given ``text`` into the text field identified by ``locator``.</doc>
<msg timestamp="20210628 10:34:40.724" level="INFO">Typing text ' ' into text field 'id=UNIT1NAME'.</msg>
<status status="PASS" starttime="20210628 10:34:40.724" endtime="20210628 10:34:41.756"/>
</kw>
<kw name="Press Keys" library="Selenium2Library">
<arg>id=UNIT1NAME</arg>
<arg>BACK_SPACE</arg>
<doc>Simulates the user pressing key(s) to an element or on the active browser.</doc>
<msg timestamp="20210628 10:34:41.757" level="INFO">Sending key(s) ('BACK_SPACE',) to id=UNIT1NAME element.</msg>
<msg timestamp="20210628 10:34:42.651" level="INFO">Pressing special key BACK_SPACE to element.</msg>
<msg timestamp="20210628 10:34:42.652" level="INFO">Releasing special key BACK_SPACE.</msg>
<status status="PASS" starttime="20210628 10:34:41.756" endtime="20210628 10:34:42.976"/>
</kw>
<kw name="Click Element" library="Selenium2Library">
<arg>id=btnSubmit</arg>
<doc>Click the element identified by ``locator``.</doc>
<msg timestamp="20210628 10:34:42.977" level="INFO">Clicking element 'id=btnSubmit'.</msg>
<status status="PASS" starttime="20210628 10:34:42.976" endtime="20210628 10:34:43.645"/>
</kw>
<kw name="Get Text" library="Selenium2Library">
<var>${Required}</var>
<arg>xpath=//html/body/div[3]/div</arg>
<doc>Returns the text value of the element identified by ``locator``.</doc>
<msg timestamp="20210628 10:34:44.287" level="INFO">${Required} = Required!
Please enter "UOM1 Name"
OK</msg>
<status status="PASS" starttime="20210628 10:34:43.645" endtime="20210628 10:34:44.287"/>
</kw>
<kw name="Split String" library="String">
<var>@{splittext}</var>
<arg>${Required}</arg>
<arg>\n</arg>
<doc>Splits the ``string`` using ``separator`` as a delimiter string.</doc>
<msg timestamp="20210628 10:34:44.288" level="INFO">@{splittext} = [ Required! | Please enter "UOM1 Name" | OK ]</msg>
<status status="PASS" starttime="20210628 10:34:44.287" endtime="20210628 10:34:44.288"/>
</kw>
<kw name="Get Length" library="BuiltIn">
<var>${count}</var>
<arg>${splittext}</arg>
<doc>Returns and logs the length of the given item as an integer.</doc>
<msg timestamp="20210628 10:34:44.289" level="INFO">Length is 3</msg>
<msg timestamp="20210628 10:34:44.289" level="INFO">${count} = 3</msg>
<status status="PASS" starttime="20210628 10:34:44.288" endtime="20210628 10:34:44.289"/>
</kw>
<for flavor="IN RANGE">
<var>${i}</var>
<value>0</value>
<value>${count}</value>
<iter>
<var name="${i}">0</var>
<kw name="Should Be Equal As Strings" library="BuiltIn">
<arg>${RequireList}[${i}]</arg>
<arg>${splittext}[${i}]</arg>
<doc>Fails if objects are unequal after converting them to strings.</doc>
<status status="PASS" starttime="20210628 10:34:44.290" endtime="20210628 10:34:44.291"/>
</kw>
<status status="PASS" starttime="20210628 10:34:44.290" endtime="20210628 10:34:44.291"/>
</iter>
<iter>
<var name="${i}">1</var>
<kw name="Should Be Equal As Strings" library="BuiltIn">
<arg>${RequireList}[${i}]</arg>
<arg>${splittext}[${i}]</arg>
<doc>Fails if objects are unequal after converting them to strings.</doc>
<status status="PASS" starttime="20210628 10:34:44.292" endtime="20210628 10:34:44.292"/>
</kw>
<status status="PASS" starttime="20210628 10:34:44.292" endtime="20210628 10:34:44.292"/>
</iter>
<iter>
<var name="${i}">2</var>
<kw name="Should Be Equal As Strings" library="BuiltIn">
<arg>${RequireList}[${i}]</arg>
<arg>${splittext}[${i}]</arg>
<doc>Fails if objects are unequal after converting them to strings.</doc>
<status status="PASS" starttime="20210628 10:34:44.293" endtime="20210628 10:34:44.293"/>
</kw>
<status status="PASS" starttime="20210628 10:34:44.293" endtime="20210628 10:34:44.294"/>
</iter>
<status status="PASS" starttime="20210628 10:34:44.289" endtime="20210628 10:34:44.294"/>
</for>
<kw name="Click Element" library="Selenium2Library">
<arg>xpath=//html/body/div[3]/div/div[3]/button[1]</arg>
<doc>Click the element identified by ``locator``.</doc>
<msg timestamp="20210628 10:34:44.294" level="INFO">Clicking element 'xpath=//html/body/div[3]/div/div[3]/button[1]'.</msg>
<status status="PASS" starttime="20210628 10:34:44.294" endtime="20210628 10:34:44.946"/>
</kw>
<status status="PASS" starttime="20210628 10:34:39.693" endtime="20210628 10:34:44.946"/>
</kw>
<kw name="PRO_022">
<arg>Required!</arg>
<arg>Please enter "Conversion1"</arg>
<arg>OK</arg>
<kw name="Input Text" library="Selenium2Library">
<arg>id=UNIT1NAME</arg>
<arg>${UOM1_Name}</arg>
<doc>Types the given ``text`` into the text field identified by ``locator``.</doc>
<msg timestamp="20210628 10:34:44.948" level="INFO">Typing text 'ชิ้น' into text field 'id=UNIT1NAME'.</msg>
<status status="PASS" starttime="20210628 10:34:44.947" endtime="20210628 10:34:45.977"/>
</kw>
<kw name="Press Keys" library="Selenium2Library">
<arg>id=UNIT2RATE</arg>
<arg>BACK_SPACE</arg>
<doc>Simulates the user pressing key(s) to an element or on the active browser.</doc>
<msg timestamp="20210628 10:34:45.978" level="INFO">Sending key(s) ('BACK_SPACE',) to id=UNIT2RATE element.</msg>
<msg timestamp="20210628 10:34:46.902" level="INFO">Pressing special key BACK_SPACE to element.</msg>
<msg timestamp="20210628 10:34:46.902" level="INFO">Releasing special key BACK_SPACE.</msg>
<status status="PASS" starttime="20210628 10:34:45.977" endtime="20210628 10:34:47.223"/>
</kw>
<kw name="Click Element" library="Selenium2Library">
<arg>id=btnSubmit</arg>
<doc>Click the element identified by ``locator``.</doc>
<msg timestamp="20210628 10:34:47.223" level="INFO">Clicking element 'id=btnSubmit'.</msg>
<status status="PASS" starttime="20210628 10:34:47.223" endtime="20210628 10:34:47.905"/>
</kw>
<kw name="Get Text" library="Selenium2Library">
<var>${Required}</var>
<arg>xpath=//html/body/div[3]/div</arg>
<doc>Returns the text value of the element identified by ``locator``.</doc>
<msg timestamp="20210628 10:34:48.546" level="INFO">${Required} = Required!
Please enter "Conversion1"
OK</msg>
<status status="PASS" starttime="20210628 10:34:47.906" endtime="20210628 10:34:48.546"/>
</kw>
<kw name="Split String" library="String">
<var>@{splittext}</var>
<arg>${Required}</arg>
<arg>\n</arg>
<doc>Splits the ``string`` using ``separator`` as a delimiter string.</doc>
<msg timestamp="20210628 10:34:48.547" level="INFO">@{splittext} = [ Required! | Please enter "Conversion1" | OK ]</msg>
<status status="PASS" starttime="20210628 10:34:48.546" endtime="20210628 10:34:48.547"/>
</kw>
<kw name="Get Length" library="BuiltIn">
<var>${count}</var>
<arg>${splittext}</arg>
<doc>Returns and logs the length of the given item as an integer.</doc>
<msg timestamp="20210628 10:34:48.548" level="INFO">Length is 3</msg>
<msg timestamp="20210628 10:34:48.548" level="INFO">${count} = 3</msg>
<status status="PASS" starttime="20210628 10:34:48.548" endtime="20210628 10:34:48.548"/>
</kw>
<for flavor="IN RANGE">
<var>${i}</var>
<value>0</value>
<value>${count}</value>
<iter>
<var name="${i}">0</var>
<kw name="Should Be Equal As Strings" library="BuiltIn">
<arg>${RequireList}[${i}]</arg>
<arg>${splittext}[${i}]</arg>
<doc>Fails if objects are unequal after converting them to strings.</doc>
<status status="PASS" starttime="20210628 10:34:48.549" endtime="20210628 10:34:48.550"/>
</kw>
<status status="PASS" starttime="20210628 10:34:48.549" endtime="20210628 10:34:48.550"/>
</iter>
<iter>
<var name="${i}">1</var>
<kw name="Should Be Equal As Strings" library="BuiltIn">
<arg>${RequireList}[${i}]</arg>
<arg>${splittext}[${i}]</arg>
<doc>Fails if objects are unequal after converting them to strings.</doc>
<status status="PASS" starttime="20210628 10:34:48.551" endtime="20210628 10:34:48.551"/>
</kw>
<status status="PASS" starttime="20210628 10:34:48.550" endtime="20210628 10:34:48.551"/>
</iter>
<iter>
<var name="${i}">2</var>
<kw name="Should Be Equal As Strings" library="BuiltIn">
<arg>${RequireList}[${i}]</arg>
<arg>${splittext}[${i}]</arg>
<doc>Fails if objects are unequal after converting them to strings.</doc>
<status status="PASS" starttime="20210628 10:34:48.552" endtime="20210628 10:34:48.552"/>
</kw>
<status status="PASS" starttime="20210628 10:34:48.552" endtime="20210628 10:34:48.552"/>
</iter>
<status status="PASS" starttime="20210628 10:34:48.549" endtime="20210628 10:34:48.553"/>
</for>
<kw name="Click Element" library="Selenium2Library">
<arg>xpath=//html/body/div[3]/div/div[3]/button[1]</arg>
<doc>Click the element identified by ``locator``.</doc>
<msg timestamp="20210628 10:34:48.553" level="INFO">Clicking element 'xpath=//html/body/div[3]/div/div[3]/button[1]'.</msg>
<status status="PASS" starttime="20210628 10:34:48.553" endtime="20210628 10:34:49.207"/>
</kw>
<kw name="Input Text" library="Selenium2Library">
<arg>id=UNIT2RATE</arg>
<arg>${Conversion1}</arg>
<doc>Types the given ``text`` into the text field identified by ``locator``.</doc>
<msg timestamp="20210628 10:34:49.208" level="INFO">Typing text '1' into text field 'id=UNIT2RATE'.</msg>
<status status="PASS" starttime="20210628 10:34:49.207" endtime="20210628 10:34:50.241"/>
</kw>
<status status="PASS" starttime="20210628 10:34:44.946" endtime="20210628 10:34:50.242"/>
</kw>
<kw name="Click Element" library="Selenium2Library">
<arg>id=btnSubmit</arg>
<doc>Click the element identified by ``locator``.</doc>
<msg timestamp="20210628 10:34:50.242" level="INFO">Clicking element 'id=btnSubmit'.</msg>
<status status="PASS" starttime="20210628 10:34:50.242" endtime="20210628 10:34:51.905"/>
</kw>
<kw name="Get Text" library="Selenium2Library">
<var>${Required}</var>
<arg>xpath=//html/body/div[3]/div</arg>
<doc>Returns the text value of the element identified by ``locator``.</doc>
<msg timestamp="20210628 10:34:52.550" level="INFO">${Required} = Completed
Update completed !
OK</msg>
<status status="PASS" starttime="20210628 10:34:51.906" endtime="20210628 10:34:52.550"/>
</kw>
<kw name="Split String" library="String">
<var>@{splittext}</var>
<arg>${Required}</arg>
<arg>\n</arg>
<doc>Splits the ``string`` using ``separator`` as a delimiter string.</doc>
<msg timestamp="20210628 10:34:52.551" level="INFO">@{splittext} = [ Completed | Update completed ! | OK ]</msg>
<status status="PASS" starttime="20210628 10:34:52.551" endtime="20210628 10:34:52.552"/>
</kw>
<kw name="Get Length" library="BuiltIn">
<var>${count}</var>
<arg>${splittext}</arg>
<doc>Returns and logs the length of the given item as an integer.</doc>
<msg timestamp="20210628 10:34:52.552" level="INFO">Length is 3</msg>
<msg timestamp="20210628 10:34:52.552" level="INFO">${count} = 3</msg>
<status status="PASS" starttime="20210628 10:34:52.552" endtime="20210628 10:34:52.553"/>
</kw>
<for flavor="IN RANGE">
<var>${i}</var>
<value>0</value>
<value>${count}</value>
<iter>
<var name="${i}">0</var>
<kw name="Should Be Equal As Strings" library="BuiltIn">
<arg>${RequireList}[${i}]</arg>
<arg>${splittext}[${i}]</arg>
<doc>Fails if objects are unequal after converting them to strings.</doc>
<status status="PASS" starttime="20210628 10:34:52.553" endtime="20210628 10:34:52.554"/>
</kw>
<status status="PASS" starttime="20210628 10:34:52.553" endtime="20210628 10:34:52.555"/>
</iter>
<iter>
<var name="${i}">1</var>
<kw name="Should Be Equal As Strings" library="BuiltIn">
<arg>${RequireList}[${i}]</arg>
<arg>${splittext}[${i}]</arg>
<doc>Fails if objects are unequal after converting them to strings.</doc>
<status status="PASS" starttime="20210628 10:34:52.555" endtime="20210628 10:34:52.556"/>
</kw>
<status status="PASS" starttime="20210628 10:34:52.555" endtime="20210628 10:34:52.556"/>
</iter>
<iter>
<var name="${i}">2</var>
<kw name="Should Be Equal As Strings" library="BuiltIn">
<arg>${RequireList}[${i}]</arg>
<arg>${splittext}[${i}]</arg>
<doc>Fails if objects are unequal after converting them to strings.</doc>
<status status="PASS" starttime="20210628 10:34:52.556" endtime="20210628 10:34:52.557"/>
</kw>
<status status="PASS" starttime="20210628 10:34:52.556" endtime="20210628 10:34:52.557"/>
</iter>
<status status="PASS" starttime="20210628 10:34:52.553" endtime="20210628 10:34:52.557"/>
</for>
<kw name="Click Element" library="Selenium2Library">
<arg>xpath=//html/body/div[3]/div/div[3]/button[1]</arg>
<doc>Click the element identified by ``locator``.</doc>
<msg timestamp="20210628 10:34:52.558" level="INFO">Clicking element 'xpath=//html/body/div[3]/div/div[3]/button[1]'.</msg>
<status status="PASS" starttime="20210628 10:34:52.557" endtime="20210628 10:34:53.217"/>
</kw>
<status status="PASS" starttime="20210628 10:34:30.122" endtime="20210628 10:34:53.218"/>
</kw>
<status status="PASS" starttime="20210628 10:34:30.119" endtime="20210628 10:34:53.219"/>
</test>
<test id="s1-t19" name="PRO_033 ลบข้อมูล Company">
<kw name="PRO_033">
<kw name="Input Text" library="Selenium2Library">
<arg>xpath=//*[@id="txtP_code"]</arg>
<arg>${P_code}</arg>
<doc>Types the given ``text`` into the text field identified by ``locator``.</doc>
<msg timestamp="20210628 10:34:53.223" level="INFO">Typing text 'BK10450642' into text field 'xpath=//*[@id="txtP_code"]'.</msg>
<status status="PASS" starttime="20210628 10:34:53.222" endtime="20210628 10:34:54.257"/>
</kw>
<kw name="Click Element" library="Selenium2Library">
<arg>xpath=//*[@id="btnSearch"]</arg>
<doc>Click the element identified by ``locator``.</doc>
<msg timestamp="20210628 10:34:54.258" level="INFO">Clicking element 'xpath=//*[@id="btnSearch"]'.</msg>
<status status="PASS" starttime="20210628 10:34:54.258" endtime="20210628 10:34:54.959"/>
</kw>
<kw name="Click Element" library="Selenium2Library">
<arg>xpath=//*[@id="tblShowData"]/tbody/tr/td[11]/form/button</arg>
<doc>Click the element identified by ``locator``.</doc>
<msg timestamp="20210628 10:34:54.960" level="INFO">Clicking element 'xpath=//*[@id="tblShowData"]/tbody/tr/td[11]/form/button'.</msg>
<status status="PASS" starttime="20210628 10:34:54.959" endtime="20210628 10:34:55.654"/>
</kw>
<status status="PASS" starttime="20210628 10:34:53.221" endtime="20210628 10:34:55.654"/>
</kw>
<status status="PASS" starttime="20210628 10:34:53.220" endtime="20210628 10:34:55.655"/>
</test>
<test id="s1-t20" name="PRO_034">
<kw name="PRO_034">
<arg>Confirm delete ?</arg>
<kw name="Handle Alert" library="Selenium2Library">
<var>${message}</var>
<arg>action=DISMISS</arg>
<doc>Handles the current alert and returns its message.</doc>
<msg timestamp="20210628 10:34:55.658" level="INFO">HANDLE::&lt;class 'NoneType'&gt;::None</msg>
<msg timestamp="20210628 10:34:56.568" level="INFO">${message} = Confirm delete ?</msg>
<status status="PASS" starttime="20210628 10:34:55.658" endtime="20210628 10:34:56.569"/>
</kw>
<kw name="Should Be Equal As Strings" library="BuiltIn">
<arg>${RequireList}</arg>
<arg>${message}</arg>
<doc>Fails if objects are unequal after converting them to strings.</doc>
<status status="PASS" starttime="20210628 10:34:56.569" endtime="20210628 10:34:56.570"/>
</kw>
<status status="PASS" starttime="20210628 10:34:55.657" endtime="20210628 10:34:56.571"/>
</kw>
<status status="PASS" starttime="20210628 10:34:55.656" endtime="20210628 10:34:56.571"/>
</test>
<test id="s1-t21" name="PRO_035">
<kw name="PRO_035">
<arg>Completed</arg>
<arg>Delete completed !</arg>
<arg>OK</arg>
<kw name="Click Element" library="Selenium2Library">
<arg>xpath=//*[@id="tblShowData"]/tbody/tr/td[11]/form/button</arg>
<doc>Click the element identified by ``locator``.</doc>
<msg timestamp="20210628 10:34:56.575" level="INFO">Clicking element 'xpath=//*[@id="tblShowData"]/tbody/tr/td[11]/form/button'.</msg>
<status status="PASS" starttime="20210628 10:34:56.574" endtime="20210628 10:34:57.265"/>
</kw>
<kw name="Handle Alert" library="Selenium2Library">
<var>${message}</var>
<doc>Handles the current alert and returns its message.</doc>
<msg timestamp="20210628 10:34:57.266" level="INFO">HANDLE::&lt;class 'NoneType'&gt;::None</msg>
<msg timestamp="20210628 10:34:58.185" level="INFO">${message} = Confirm delete ?</msg>
<status status="PASS" starttime="20210628 10:34:57.265" endtime="20210628 10:34:58.185"/>
</kw>
<kw name="Get Text" library="Selenium2Library">
<var>${Required}</var>
<arg>xpath=//html/body/div[3]/div</arg>
<doc>Returns the text value of the element identified by ``locator``.</doc>
<msg timestamp="20210628 10:34:59.385" level="INFO">${Required} = Completed
Delete completed !
OK</msg>
<status status="PASS" starttime="20210628 10:34:58.185" endtime="20210628 10:34:59.385"/>
</kw>
<kw name="Split String" library="String">
<var>@{splittext}</var>
<arg>${Required}</arg>
<arg>\n</arg>
<doc>Splits the ``string`` using ``separator`` as a delimiter string.</doc>
<msg timestamp="20210628 10:34:59.386" level="INFO">@{splittext} = [ Completed | Delete completed ! | OK ]</msg>
<status status="PASS" starttime="20210628 10:34:59.386" endtime="20210628 10:34:59.387"/>
</kw>
<kw name="Get Length" library="BuiltIn">
<var>${count}</var>
<arg>${splittext}</arg>
<doc>Returns and logs the length of the given item as an integer.</doc>
<msg timestamp="20210628 10:34:59.387" level="INFO">Length is 3</msg>
<msg timestamp="20210628 10:34:59.387" level="INFO">${count} = 3</msg>
<status status="PASS" starttime="20210628 10:34:59.387" endtime="20210628 10:34:59.387"/>
</kw>
<for flavor="IN RANGE">
<var>${i}</var>
<value>0</value>
<value>${count}</value>
<iter>
<var name="${i}">0</var>
<kw name="Should Be Equal As Strings" library="BuiltIn">
<arg>${RequireList}[${i}]</arg>
<arg>${splittext}[${i}]</arg>
<doc>Fails if objects are unequal after converting them to strings.</doc>
<status status="PASS" starttime="20210628 10:34:59.388" endtime="20210628 10:34:59.389"/>
</kw>
<status status="PASS" starttime="20210628 10:34:59.388" endtime="20210628 10:34:59.389"/>
</iter>
<iter>
<var name="${i}">1</var>
<kw name="Should Be Equal As Strings" library="BuiltIn">
<arg>${RequireList}[${i}]</arg>
<arg>${splittext}[${i}]</arg>
<doc>Fails if objects are unequal after converting them to strings.</doc>
<status status="PASS" starttime="20210628 10:34:59.390" endtime="20210628 10:34:59.391"/>
</kw>
<status status="PASS" starttime="20210628 10:34:59.390" endtime="20210628 10:34:59.391"/>
</iter>
<iter>
<var name="${i}">2</var>
<kw name="Should Be Equal As Strings" library="BuiltIn">
<arg>${RequireList}[${i}]</arg>
<arg>${splittext}[${i}]</arg>
<doc>Fails if objects are unequal after converting them to strings.</doc>
<status status="PASS" starttime="20210628 10:34:59.391" endtime="20210628 10:34:59.392"/>
</kw>
<status status="PASS" starttime="20210628 10:34:59.391" endtime="20210628 10:34:59.392"/>
</iter>
<status status="PASS" starttime="20210628 10:34:59.387" endtime="20210628 10:34:59.392"/>
</for>
<kw name="Click Element" library="Selenium2Library">
<arg>xpath=//html/body/div[3]/div/div[3]/button[1]</arg>
<doc>Click the element identified by ``locator``.</doc>
<msg timestamp="20210628 10:34:59.393" level="INFO">Clicking element 'xpath=//html/body/div[3]/div/div[3]/button[1]'.</msg>
<status status="PASS" starttime="20210628 10:34:59.392" endtime="20210628 10:35:00.044"/>
</kw>
<status status="PASS" starttime="20210628 10:34:56.574" endtime="20210628 10:35:00.045"/>
</kw>
<status status="PASS" starttime="20210628 10:34:56.573" endtime="20210628 10:35:00.045"/>
</test>
<status status="FAIL" starttime="20210628 10:32:20.332" endtime="20210628 10:35:00.049"/>
</suite>
<statistics>
<total>
<stat pass="20" fail="1" skip="0">All Tests</stat>
</total>
<tag>
</tag>
<suite>
<stat pass="20" fail="1" skip="0" id="s1" name="Product">Product</stat>
</suite>
</statistics>
<errors>
</errors>
</robot>
