<?xml version="1.0" encoding="UTF-8"?>
<robot generator="Robot 4.0.3 (Python 3.9.6 on darwin)" generated="20210720 18:16:29.275" rpa="false" schemaversion="2">
<suite id="s1" name="3 LoopSO-1" source="/Users/daeng/Can Innovation Co., Ltd./Automation_Web/Master_data/3_LoopSO-1.robot">
<test id="s1-t1" name="Login Salestool เข้าสู่ระบบ salestool และ เมนู ขายสั่ง">
<kw name="Login">
<kw name="Open Browser" library="Selenium2Library">
<arg>${url}</arg>
<arg>${browser}</arg>
<doc>Opens a new browser instance to the optional ``url``.</doc>
<msg timestamp="20210720 18:16:29.422" level="INFO">Opening browser 'Chrome' to base url 'http://122.155.162.24/st_swc/'.</msg>
<status status="PASS" starttime="20210720 18:16:29.421" endtime="20210720 18:16:33.191"/>
</kw>
<kw name="Maximize Browser Window" library="Selenium2Library">
<doc>Maximizes current browser window.</doc>
<status status="PASS" starttime="20210720 18:16:33.192" endtime="20210720 18:16:33.330"/>
</kw>
<kw name="Set Selenium Speed" library="Selenium2Library">
<arg>0.3</arg>
<doc>Sets the delay that is waited after each Selenium command.</doc>
<status status="PASS" starttime="20210720 18:16:33.330" endtime="20210720 18:16:33.330"/>
</kw>
<kw name="Wait Until Element Is Visible" library="Selenium2Library">
<arg>id=Username</arg>
<arg>timeout=20s</arg>
<doc>Waits until the element ``locator`` is visible.</doc>
<status status="PASS" starttime="20210720 18:16:33.330" endtime="20210720 18:16:33.972"/>
</kw>
<kw name="Input Text" library="Selenium2Library">
<arg>id=Username</arg>
<arg>${username}</arg>
<doc>Types the given ``text`` into the text field identified by ``locator``.</doc>
<msg timestamp="20210720 18:16:33.973" level="INFO">Typing text 'adminpond' into text field 'id=Username'.</msg>
<status status="PASS" starttime="20210720 18:16:33.972" endtime="20210720 18:16:35.047"/>
</kw>
<kw name="Wait Until Element Is Visible" library="Selenium2Library">
<arg>id=Password</arg>
<arg>timeout=20s</arg>
<doc>Waits until the element ``locator`` is visible.</doc>
<status status="PASS" starttime="20210720 18:16:35.047" endtime="20210720 18:16:35.687"/>
</kw>
<kw name="Input Password" library="Selenium2Library">
<arg>id=Password</arg>
<arg>${password}</arg>
<doc>Types the given password into the text field identified by ``locator``.</doc>
<msg timestamp="20210720 18:16:35.688" level="INFO">Typing password into text field 'id=Password'.</msg>
<msg timestamp="20210720 18:16:36.342" level="INFO">Temporally setting log level to: NONE</msg>
<msg timestamp="20210720 18:16:36.693" level="INFO">Log level changed from NONE to INFO.</msg>
<status status="PASS" starttime="20210720 18:16:35.687" endtime="20210720 18:16:36.694"/>
</kw>
<kw name="Click Button" library="Selenium2Library">
<arg>xpath=//*[@id="loginForm1"]/div[3]/div/button</arg>
<doc>Clicks the button identified by ``locator``.</doc>
<msg timestamp="20210720 18:16:36.694" level="INFO">Clicking button 'xpath=//*[@id="loginForm1"]/div[3]/div/button'.</msg>
<status status="PASS" starttime="20210720 18:16:36.694" endtime="20210720 18:16:47.379"/>
</kw>
<kw name="Go To" library="Selenium2Library">
<arg>${url}ApproveNew/salesorder</arg>
<doc>Navigates the current browser window to the provided ``url``.</doc>
<msg timestamp="20210720 18:16:47.380" level="INFO">Opening url 'http://122.155.162.24/st_swc/ApproveNew/salesorder'</msg>
<status status="PASS" starttime="20210720 18:16:47.379" endtime="20210720 18:16:48.741"/>
</kw>
<status status="PASS" starttime="20210720 18:16:29.421" endtime="20210720 18:16:48.742"/>
</kw>
<for flavor="IN RANGE">
<var>${i}</var>
<value>0</value>
<value>50</value>
<iter>
<var name="${i}">0</var>
<kw name="SO_000">
<kw name="Click Element" library="Selenium2Library">
<arg>xpath=//*[@id="btnCreates"]</arg>
<doc>Click the element identified by ``locator``.</doc>
<msg timestamp="20210720 18:16:48.745" level="INFO">Clicking element 'xpath=//*[@id="btnCreates"]'.</msg>
<status status="PASS" starttime="20210720 18:16:48.744" endtime="20210720 18:16:50.926"/>
</kw>
<status status="PASS" starttime="20210720 18:16:48.743" endtime="20210720 18:16:50.927"/>
</kw>
<kw name="SO_001">
<arg>${DC}</arg>
<kw name="Click Element" library="Selenium2Library">
<arg>xpath=/html/body/div[2]/div/section/div/div[2]/form/div[1]/div/div/div[2]/div[1]/div/span/span[1]/span/span[1]</arg>
<doc>Click the element identified by ``locator``.</doc>
<msg timestamp="20210720 18:16:50.929" level="INFO">Clicking element 'xpath=/html/body/div[2]/div/section/div/div[2]/form/div[1]/div/div/div[2]/div[1]/div/span/span[1]/span/span[1]'.</msg>
<status status="PASS" starttime="20210720 18:16:50.929" endtime="20210720 18:16:51.637"/>
</kw>
<kw name="Input Text" library="Selenium2Library">
<arg>xpath=/html/body/span/span/span[1]/input</arg>
<arg>${DC}</arg>
<doc>Types the given ``text`` into the text field identified by ``locator``.</doc>
<msg timestamp="20210720 18:16:51.639" level="INFO">Typing text 'BPD' into text field 'xpath=/html/body/span/span/span[1]/input'.</msg>
<status status="PASS" starttime="20210720 18:16:51.638" endtime="20210720 18:16:52.654"/>
</kw>
<kw name="Click Element" library="Selenium2Library">
<arg>xpath=/html/body/span/span/span[2]/ul/li</arg>
<doc>Click the element identified by ``locator``.</doc>
<msg timestamp="20210720 18:16:52.655" level="INFO">Clicking element 'xpath=/html/body/span/span/span[2]/ul/li'.</msg>
<status status="PASS" starttime="20210720 18:16:52.654" endtime="20210720 18:16:53.342"/>
</kw>
<status status="PASS" starttime="20210720 18:16:50.927" endtime="20210720 18:16:53.342"/>
</kw>
<kw name="SO_002">
<kw name="Click Element" library="Selenium2Library">
<arg>xpath=//*[@id="btnPopupCustomer"]</arg>
<doc>Click the element identified by ``locator``.</doc>
<msg timestamp="20210720 18:16:53.344" level="INFO">Clicking element 'xpath=//*[@id="btnPopupCustomer"]'.</msg>
<status status="PASS" starttime="20210720 18:16:53.343" endtime="20210720 18:16:54.022"/>
</kw>
<kw name="Click Element" library="Selenium2Library">
<arg>xpath=//*[@id="select2-ddlPopupCustomerType-container"]</arg>
<doc>Click the element identified by ``locator``.</doc>
<msg timestamp="20210720 18:16:54.023" level="INFO">Clicking element 'xpath=//*[@id="select2-ddlPopupCustomerType-container"]'.</msg>
<status status="PASS" starttime="20210720 18:16:54.022" endtime="20210720 18:16:54.722"/>
</kw>
<kw name="Input Text" library="Selenium2Library">
<arg>xpath=/html/body/span/span/span[1]/input</arg>
<arg>D1</arg>
<doc>Types the given ``text`` into the text field identified by ``locator``.</doc>
<msg timestamp="20210720 18:16:54.723" level="INFO">Typing text 'D1' into text field 'xpath=/html/body/span/span/span[1]/input'.</msg>
<status status="PASS" starttime="20210720 18:16:54.723" endtime="20210720 18:16:55.719"/>
</kw>
<kw name="Click Element" library="Selenium2Library">
<arg>xpath=//*[@id="select2-ddlPopupCustomerType-results"]/li</arg>
<doc>Click the element identified by ``locator``.</doc>
<msg timestamp="20210720 18:16:55.720" level="INFO">Clicking element 'xpath=//*[@id="select2-ddlPopupCustomerType-results"]/li'.</msg>
<status status="PASS" starttime="20210720 18:16:55.719" endtime="20210720 18:16:56.390"/>
</kw>
<kw name="Click Element" library="Selenium2Library">
<arg>xpath=//*[@id="btnPopupCustomerSearch"]</arg>
<doc>Click the element identified by ``locator``.</doc>
<msg timestamp="20210720 18:16:56.391" level="INFO">Clicking element 'xpath=//*[@id="btnPopupCustomerSearch"]'.</msg>
<status status="PASS" starttime="20210720 18:16:56.391" endtime="20210720 18:16:57.109"/>
</kw>
<kw name="Sleep" library="BuiltIn">
<arg>3s</arg>
<doc>Pauses the test executed for the given time.</doc>
<msg timestamp="20210720 18:17:00.112" level="INFO">Slept 3 seconds</msg>
<status status="PASS" starttime="20210720 18:16:57.110" endtime="20210720 18:17:00.112"/>
</kw>
<kw name="Get Text" library="Selenium2Library">
<var>${entries}</var>
<arg>xpath=//*[@id="dtCustomer_info"]</arg>
<doc>Returns the text value of the element identified by ``locator``.</doc>
<msg timestamp="20210720 18:17:00.751" level="INFO">${entries} = Showing 1 to 7 of 7 entries</msg>
<status status="PASS" starttime="20210720 18:17:00.113" endtime="20210720 18:17:00.751"/>
</kw>
<kw name="Split String" library="String">
<var>@{entrie}</var>
<arg>${entries}</arg>
<arg>${SPACE}</arg>
<doc>Splits the ``string`` using ``separator`` as a delimiter string.</doc>
<msg timestamp="20210720 18:17:00.753" level="INFO">@{entrie} = [ Showing | 1 | to | 7 | of | 7 | entries ]</msg>
<status status="PASS" starttime="20210720 18:17:00.752" endtime="20210720 18:17:00.753"/>
</kw>
<kw name="Evaluate" library="BuiltIn">
<var>${ran_int1}</var>
<arg>random.randint(1, 3)</arg>
<arg>random</arg>
<doc>Evaluates the given expression in Python and returns the result.</doc>
<msg timestamp="20210720 18:17:00.754" level="INFO">${ran_int1} = 3</msg>
<status status="PASS" starttime="20210720 18:17:00.753" endtime="20210720 18:17:00.754"/>
</kw>
<kw name="Get Text" library="Selenium2Library">
<var>${Code}</var>
<arg>xpath=//*[@id="dtCustomer"]/tbody/tr[${ran_int1}]/td[1]</arg>
<doc>Returns the text value of the element identified by ``locator``.</doc>
<msg timestamp="20210720 18:17:01.423" level="INFO">${Code} = BPD0000099</msg>
<status status="PASS" starttime="20210720 18:17:00.754" endtime="20210720 18:17:01.423"/>
</kw>
<kw name="Set Global Variable" library="BuiltIn">
<arg>${Code}</arg>
<doc>Makes a variable available globally in all tests and suites.</doc>
<msg timestamp="20210720 18:17:01.424" level="INFO">${Code} = BPD0000099</msg>
<status status="PASS" starttime="20210720 18:17:01.423" endtime="20210720 18:17:01.424"/>
</kw>
<kw name="Set Global Variable" library="BuiltIn">
<arg>${entrie}</arg>
<doc>Makes a variable available globally in all tests and suites.</doc>
<msg timestamp="20210720 18:17:01.426" level="INFO">${entrie} = ['Showing', '1', 'to', '7', 'of', '7', 'entries']</msg>
<status status="PASS" starttime="20210720 18:17:01.425" endtime="20210720 18:17:01.426"/>
</kw>
<kw name="Input Text" library="Selenium2Library">
<arg>xpath=//*[@id="txtPopupCustomer"]</arg>
<arg>${Code}</arg>
<doc>Types the given ``text`` into the text field identified by ``locator``.</doc>
<msg timestamp="20210720 18:17:01.427" level="INFO">Typing text 'BPD0000099' into text field 'xpath=//*[@id="txtPopupCustomer"]'.</msg>
<status status="PASS" starttime="20210720 18:17:01.426" endtime="20210720 18:17:02.464"/>
</kw>
<kw name="Click Element" library="Selenium2Library">
<arg>xpath=//*[@id="btnPopupCustomerSearch"]</arg>
<doc>Click the element identified by ``locator``.</doc>
<msg timestamp="20210720 18:17:02.465" level="INFO">Clicking element 'xpath=//*[@id="btnPopupCustomerSearch"]'.</msg>
<status status="PASS" starttime="20210720 18:17:02.465" endtime="20210720 18:17:03.149"/>
</kw>
<kw name="Sleep" library="BuiltIn">
<arg>2s</arg>
<doc>Pauses the test executed for the given time.</doc>
<msg timestamp="20210720 18:17:05.150" level="INFO">Slept 2 seconds</msg>
<status status="PASS" starttime="20210720 18:17:03.149" endtime="20210720 18:17:05.150"/>
</kw>
<kw name="Get Text" library="Selenium2Library">
<var>${a}</var>
<arg>xpath=//*[@id="dtCustomer"]/tbody</arg>
<doc>Returns the text value of the element identified by ``locator``.</doc>
<msg timestamp="20210720 18:17:05.798" level="INFO">${a} = BPD0000099 ร้านค้าทดสอบ01 99 ม.6 แขวงทวีวัฒนา เขตทวีวัฒนา กรุงเทพมหานคร 10170 BPDCR01: อ.เมืองอุบลราชธานี,อ.ม่วงสามสิบ,อ.วารินชำราบ,อ.เขมราฐ,อ.เขื่องใน,อ.สิรินธร,อ.บุณฑริก,อ.สิรินธร,อ.ทุ่งศรีอุดม,อ.ตร...</msg>
<status status="PASS" starttime="20210720 18:17:05.151" endtime="20210720 18:17:05.798"/>
</kw>
<kw name="Split String" library="String">
<var>@{splittext}</var>
<arg>${a}</arg>
<arg>${SPACE}</arg>
<doc>Splits the ``string`` using ``separator`` as a delimiter string.</doc>
<msg timestamp="20210720 18:17:05.800" level="INFO">@{splittext} = [ BPD0000099 | ร้านค้าทดสอบ01 | 99 | ม.6 | แขวงทวีวัฒนา | เขตทวีวัฒนา | กรุงเทพมหานคร | 10170 | BPDCR01: | อ.เมืองอุบลราชธานี,อ.ม่วงสามสิบ,อ.วารินชำราบ,อ.เขมราฐ,อ.เขื่องใน,อ.สิรินธร,อ.บุณฑริก,อ.สิรินธ...</msg>
<status status="PASS" starttime="20210720 18:17:05.799" endtime="20210720 18:17:05.800"/>
</kw>
<kw name="Click Element" library="Selenium2Library">
<arg>xpath=//a[contains(text(),'${splittext}[0]')]</arg>
<doc>Click the element identified by ``locator``.</doc>
<msg timestamp="20210720 18:17:05.801" level="INFO">Clicking element 'xpath=//a[contains(text(),'BPD0000099')]'.</msg>
<status status="PASS" starttime="20210720 18:17:05.800" endtime="20210720 18:17:06.528"/>
</kw>
<status status="PASS" starttime="20210720 18:16:53.343" endtime="20210720 18:17:06.528"/>
</kw>
<kw name="SO_003">
<for flavor="IN RANGE">
<var>${i}</var>
<value>0</value>
<value>2</value>
<iter>
<var name="${i}">0</var>
<kw name="Click Button" library="Selenium2Library">
<arg>xpath=//*[@id="Group4"]/div/div[1]/div/div[2]/button</arg>
<doc>Clicks the button identified by ``locator``.</doc>
<msg timestamp="20210720 18:17:06.530" level="INFO">Clicking button 'xpath=//*[@id="Group4"]/div/div[1]/div/div[2]/button'.</msg>
<status status="PASS" starttime="20210720 18:17:06.529" endtime="20210720 18:17:08.140"/>
</kw>
<kw name="Click Element" library="Selenium2Library">
<arg>xpath=//*[@id="modal-product"]/div/div/div[2]/div[2]/div[3]/button[2]</arg>
<doc>Click the element identified by ``locator``.</doc>
<msg timestamp="20210720 18:17:08.141" level="INFO">Clicking element 'xpath=//*[@id="modal-product"]/div/div/div[2]/div[2]/div[3]/button[2]'.</msg>
<status status="PASS" starttime="20210720 18:17:08.140" endtime="20210720 18:17:08.804"/>
</kw>
<kw name="Click Element" library="Selenium2Library">
<arg>xpath=//*[@id="btnPopupProductSearch"]</arg>
<doc>Click the element identified by ``locator``.</doc>
<msg timestamp="20210720 18:17:08.805" level="INFO">Clicking element 'xpath=//*[@id="btnPopupProductSearch"]'.</msg>
<status status="PASS" starttime="20210720 18:17:08.805" endtime="20210720 18:17:09.499"/>
</kw>
<kw name="Scroll Element Into View" library="Selenium2Library">
<arg>xpath=//*[@id="dtPopupProduct_info"]</arg>
<doc>Scrolls the element identified by ``locator`` into view.</doc>
<status status="PASS" starttime="20210720 18:17:09.500" endtime="20210720 18:17:10.396"/>
</kw>
<kw name="Get Text" library="Selenium2Library">
<var>${entries}</var>
<arg>xpath=//*[@id="dtPopupProduct_info"]</arg>
<doc>Returns the text value of the element identified by ``locator``.</doc>
<msg timestamp="20210720 18:17:11.040" level="INFO">${entries} = Showing 1 to 10 of 147 entries</msg>
<status status="PASS" starttime="20210720 18:17:10.397" endtime="20210720 18:17:11.040"/>
</kw>
<kw name="Split String" library="String">
<var>@{entrie}</var>
<arg>${entries}</arg>
<arg>${SPACE}</arg>
<doc>Splits the ``string`` using ``separator`` as a delimiter string.</doc>
<msg timestamp="20210720 18:17:11.041" level="INFO">@{entrie} = [ Showing | 1 | to | 10 | of | 147 | entries ]</msg>
<status status="PASS" starttime="20210720 18:17:11.040" endtime="20210720 18:17:11.041"/>
</kw>
<kw name="Log To Console" library="BuiltIn">
<arg>${entrie}</arg>
<doc>Logs the given message to the console.</doc>
<status status="PASS" starttime="20210720 18:17:11.042" endtime="20210720 18:17:11.042"/>
</kw>
<kw name="Log To Console" library="BuiltIn">
<arg>${entrie}[3]</arg>
<doc>Logs the given message to the console.</doc>
<status status="PASS" starttime="20210720 18:17:11.042" endtime="20210720 18:17:11.043"/>
</kw>
<kw name="Evaluate" library="BuiltIn">
<var>${ran_int1}</var>
<arg>random.randint(1, ${entrie}[3])</arg>
<arg>random</arg>
<doc>Evaluates the given expression in Python and returns the result.</doc>
<msg timestamp="20210720 18:17:11.044" level="INFO">${ran_int1} = 1</msg>
<status status="PASS" starttime="20210720 18:17:11.043" endtime="20210720 18:17:11.044"/>
</kw>
<kw name="Get Text" library="Selenium2Library">
<var>${P_Code}</var>
<arg>xpath=//*[@id="dtPopupProduct"]/tbody/tr[${ran_int1}]/td[1]</arg>
<doc>Returns the text value of the element identified by ``locator``.</doc>
<msg timestamp="20210720 18:17:11.688" level="INFO">${P_Code} = 81115573</msg>
<status status="PASS" starttime="20210720 18:17:11.044" endtime="20210720 18:17:11.688"/>
</kw>
<kw name="Set Global Variable" library="BuiltIn">
<arg>${P_Code}</arg>
<doc>Makes a variable available globally in all tests and suites.</doc>
<msg timestamp="20210720 18:17:11.689" level="INFO">${P_Code} = 81115573</msg>
<status status="PASS" starttime="20210720 18:17:11.688" endtime="20210720 18:17:11.689"/>
</kw>
<kw name="Log To Console" library="BuiltIn">
<arg>${P_Code}</arg>
<doc>Logs the given message to the console.</doc>
<status status="PASS" starttime="20210720 18:17:11.690" endtime="20210720 18:17:11.690"/>
</kw>
<kw name="Set Global Variable" library="BuiltIn">
<arg>${entrie}</arg>
<doc>Makes a variable available globally in all tests and suites.</doc>
<msg timestamp="20210720 18:17:11.691" level="INFO">${entrie} = ['Showing', '1', 'to', '10', 'of', '147', 'entries']</msg>
<status status="PASS" starttime="20210720 18:17:11.691" endtime="20210720 18:17:11.691"/>
</kw>
<kw name="Input Text" library="Selenium2Library">
<arg>xpath=//*[@id="txtPopupProduct"]</arg>
<arg>${P_Code}</arg>
<doc>Types the given ``text`` into the text field identified by ``locator``.</doc>
<msg timestamp="20210720 18:17:11.692" level="INFO">Typing text '81115573' into text field 'xpath=//*[@id="txtPopupProduct"]'.</msg>
<status status="PASS" starttime="20210720 18:17:11.692" endtime="20210720 18:17:12.732"/>
</kw>
<kw name="Click Element" library="Selenium2Library">
<arg>xpath=//*[@id="btnPopupProductSearch"]</arg>
<doc>Click the element identified by ``locator``.</doc>
<msg timestamp="20210720 18:17:12.733" level="INFO">Clicking element 'xpath=//*[@id="btnPopupProductSearch"]'.</msg>
<status status="PASS" starttime="20210720 18:17:12.733" endtime="20210720 18:17:13.425"/>
</kw>
<kw name="Wait For Condition" library="Selenium2Library">
<arg>return document.readyState=="complete"</arg>
<doc>Waits until ``condition`` is true or ``timeout`` expires.</doc>
<status status="PASS" starttime="20210720 18:17:13.426" endtime="20210720 18:17:13.738"/>
</kw>
<kw name="Get Text" library="Selenium2Library">
<var>${num_qty}</var>
<arg>xpath=//*[@id="dtPopupProduct"]/tbody/tr[1]/td[12]</arg>
<doc>Returns the text value of the element identified by ``locator``.</doc>
<msg timestamp="20210720 18:17:14.381" level="INFO">${num_qty} = </msg>
<status status="PASS" starttime="20210720 18:17:13.739" endtime="20210720 18:17:14.381"/>
</kw>
<kw name="Get Length" library="BuiltIn">
<var>${count}</var>
<arg>${num_qty}</arg>
<doc>Returns and logs the length of the given item as an integer.</doc>
<msg timestamp="20210720 18:17:14.382" level="INFO">Length is 0</msg>
<msg timestamp="20210720 18:17:14.382" level="INFO">${count} = 0</msg>
<status status="PASS" starttime="20210720 18:17:14.382" endtime="20210720 18:17:14.382"/>
</kw>
<kw name="Log To Console" library="BuiltIn">
<arg>${count}</arg>
<doc>Logs the given message to the console.</doc>
<status status="PASS" starttime="20210720 18:17:14.383" endtime="20210720 18:17:14.383"/>
</kw>
<if>
<branch type="IF" condition="'${count}' == '0'">
<kw name="Create List" library="BuiltIn">
<var>@{numbers1}</var>
<arg>10</arg>
<arg>11</arg>
<doc>Returns a list containing given items.</doc>
<msg timestamp="20210720 18:17:14.385" level="INFO">@{numbers1} = [ 10 | 11 ]</msg>
<status status="PASS" starttime="20210720 18:17:14.384" endtime="20210720 18:17:14.385"/>
</kw>
<kw name="Evaluate" library="BuiltIn">
<var>${ran_num1}</var>
<arg>random.choice(${numbers1})</arg>
<arg>random</arg>
<doc>Evaluates the given expression in Python and returns the result.</doc>
<msg timestamp="20210720 18:17:14.386" level="INFO">${ran_num1} = 11</msg>
<status status="PASS" starttime="20210720 18:17:14.385" endtime="20210720 18:17:14.386"/>
</kw>
<kw name="Get Text" library="Selenium2Library">
<var>${num_qty}</var>
<arg>xpath=//*[@id="dtPopupProduct"]/tbody/tr[1]/td[${ran_num1}]</arg>
<doc>Returns the text value of the element identified by ``locator``.</doc>
<msg timestamp="20210720 18:17:15.026" level="INFO">${num_qty} = 0</msg>
<status status="PASS" starttime="20210720 18:17:14.386" endtime="20210720 18:17:15.026"/>
</kw>
<status status="PASS" starttime="20210720 18:17:14.384" endtime="20210720 18:17:15.026"/>
</branch>
<status status="PASS" starttime="20210720 18:17:14.384" endtime="20210720 18:17:15.027"/>
</if>
<kw name="Evaluate" library="BuiltIn">
<var>${ran_qty}</var>
<arg>random.randint(0, ${num_qty})</arg>
<arg>random</arg>
<doc>Evaluates the given expression in Python and returns the result.</doc>
<msg timestamp="20210720 18:17:15.028" level="INFO">${ran_qty} = 0</msg>
<status status="PASS" starttime="20210720 18:17:15.027" endtime="20210720 18:17:15.028"/>
</kw>
<kw name="Log To Console" library="BuiltIn">
<arg>${ran_qty}</arg>
<doc>Logs the given message to the console.</doc>
<status status="PASS" starttime="20210720 18:17:15.028" endtime="20210720 18:17:15.029"/>
</kw>
<kw name="Create List" library="BuiltIn">
<var>@{numbers2}</var>
<arg>4</arg>
<arg>6</arg>
<doc>Returns a list containing given items.</doc>
<msg timestamp="20210720 18:17:15.030" level="INFO">@{numbers2} = [ 4 | 6 ]</msg>
<status status="PASS" starttime="20210720 18:17:15.029" endtime="20210720 18:17:15.030"/>
</kw>
<kw name="Evaluate" library="BuiltIn">
<var>${ran_num2}</var>
<arg>random.choice(${numbers2})</arg>
<arg>random</arg>
<doc>Evaluates the given expression in Python and returns the result.</doc>
<msg timestamp="20210720 18:17:15.031" level="INFO">${ran_num2} = 4</msg>
<status status="PASS" starttime="20210720 18:17:15.030" endtime="20210720 18:17:15.031"/>
</kw>
<kw name="Log To Console" library="BuiltIn">
<arg>${ran_num2}</arg>
<doc>Logs the given message to the console.</doc>
<status status="PASS" starttime="20210720 18:17:15.031" endtime="20210720 18:17:15.032"/>
</kw>
<kw name="Input Text" library="Selenium2Library">
<arg>xpath=//*[@id="dtPopupProduct"]/tbody/tr/td[${ran_num2}]/input</arg>
<arg>5</arg>
<doc>Types the given ``text`` into the text field identified by ``locator``.</doc>
<msg timestamp="20210720 18:17:15.033" level="INFO">Typing text '5' into text field 'xpath=//*[@id="dtPopupProduct"]/tbody/tr/td[4]/input'.</msg>
<status status="PASS" starttime="20210720 18:17:15.032" endtime="20210720 18:17:16.058"/>
</kw>
<kw name="Click Element" library="Selenium2Library">
<arg>xpath=//*[@id="btnProductConfirm"]</arg>
<doc>Click the element identified by ``locator``.</doc>
<msg timestamp="20210720 18:17:16.059" level="INFO">Clicking element 'xpath=//*[@id="btnProductConfirm"]'.</msg>
<status status="PASS" starttime="20210720 18:17:16.058" endtime="20210720 18:17:16.754"/>
</kw>
<kw name="Sleep" library="BuiltIn">
<arg>3s</arg>
<doc>Pauses the test executed for the given time.</doc>
<msg timestamp="20210720 18:17:19.757" level="INFO">Slept 3 seconds</msg>
<status status="PASS" starttime="20210720 18:17:16.754" endtime="20210720 18:17:19.757"/>
</kw>
<status status="PASS" starttime="20210720 18:17:06.529" endtime="20210720 18:17:19.757"/>
</iter>
<iter>
<var name="${i}">1</var>
<kw name="Click Button" library="Selenium2Library">
<arg>xpath=//*[@id="Group4"]/div/div[1]/div/div[2]/button</arg>
<doc>Clicks the button identified by ``locator``.</doc>
<msg timestamp="20210720 18:17:19.759" level="INFO">Clicking button 'xpath=//*[@id="Group4"]/div/div[1]/div/div[2]/button'.</msg>
<kw name="Capture Page Screenshot" library="Selenium2Library">
<doc>Takes a screenshot of the current page and embeds it into a log file.</doc>
<msg timestamp="20210720 18:17:19.772" level="FAIL">WebDriverException: Message: chrome not reachable
  (Session info: chrome=91.0.4472.164)
</msg>
<status status="FAIL" starttime="20210720 18:17:19.764" endtime="20210720 18:17:19.772"/>
</kw>
<msg timestamp="20210720 18:17:19.772" level="WARN">Keyword 'Capture Page Screenshot' could not be run on failure: WebDriverException: Message: chrome not reachable
  (Session info: chrome=91.0.4472.164)
</msg>
<msg timestamp="20210720 18:17:19.774" level="FAIL">WebDriverException: Message: chrome not reachable
  (Session info: chrome=91.0.4472.164)
</msg>
<status status="FAIL" starttime="20210720 18:17:19.758" endtime="20210720 18:17:19.774"/>
</kw>
<kw name="Click Element" library="Selenium2Library">
<arg>xpath=//*[@id="modal-product"]/div/div/div[2]/div[2]/div[3]/button[2]</arg>
<doc>Click the element identified by ``locator``.</doc>
<status status="NOT RUN" starttime="20210720 18:17:19.774" endtime="20210720 18:17:19.774"/>
</kw>
<kw name="Click Element" library="Selenium2Library">
<arg>xpath=//*[@id="btnPopupProductSearch"]</arg>
<doc>Click the element identified by ``locator``.</doc>
<status status="NOT RUN" starttime="20210720 18:17:19.775" endtime="20210720 18:17:19.775"/>
</kw>
<kw name="Scroll Element Into View" library="Selenium2Library">
<arg>xpath=//*[@id="dtPopupProduct_info"]</arg>
<doc>Scrolls the element identified by ``locator`` into view.</doc>
<status status="NOT RUN" starttime="20210720 18:17:19.775" endtime="20210720 18:17:19.775"/>
</kw>
<kw name="Get Text" library="Selenium2Library">
<var>${entries}</var>
<arg>xpath=//*[@id="dtPopupProduct_info"]</arg>
<doc>Returns the text value of the element identified by ``locator``.</doc>
<status status="NOT RUN" starttime="20210720 18:17:19.775" endtime="20210720 18:17:19.775"/>
</kw>
<kw name="Split String" library="String">
<var>@{entrie}</var>
<arg>${entries}</arg>
<arg>${SPACE}</arg>
<doc>Splits the ``string`` using ``separator`` as a delimiter string.</doc>
<status status="NOT RUN" starttime="20210720 18:17:19.775" endtime="20210720 18:17:19.775"/>
</kw>
<kw name="Log To Console" library="BuiltIn">
<arg>${entrie}</arg>
<doc>Logs the given message to the console.</doc>
<status status="NOT RUN" starttime="20210720 18:17:19.775" endtime="20210720 18:17:19.775"/>
</kw>
<kw name="Log To Console" library="BuiltIn">
<arg>${entrie}[3]</arg>
<doc>Logs the given message to the console.</doc>
<status status="NOT RUN" starttime="20210720 18:17:19.775" endtime="20210720 18:17:19.776"/>
</kw>
<kw name="Evaluate" library="BuiltIn">
<var>${ran_int1}</var>
<arg>random.randint(1, ${entrie}[3])</arg>
<arg>random</arg>
<doc>Evaluates the given expression in Python and returns the result.</doc>
<status status="NOT RUN" starttime="20210720 18:17:19.776" endtime="20210720 18:17:19.776"/>
</kw>
<kw name="Get Text" library="Selenium2Library">
<var>${P_Code}</var>
<arg>xpath=//*[@id="dtPopupProduct"]/tbody/tr[${ran_int1}]/td[1]</arg>
<doc>Returns the text value of the element identified by ``locator``.</doc>
<status status="NOT RUN" starttime="20210720 18:17:19.776" endtime="20210720 18:17:19.776"/>
</kw>
<kw name="Set Global Variable" library="BuiltIn">
<arg>${P_Code}</arg>
<doc>Makes a variable available globally in all tests and suites.</doc>
<status status="NOT RUN" starttime="20210720 18:17:19.776" endtime="20210720 18:17:19.776"/>
</kw>
<kw name="Log To Console" library="BuiltIn">
<arg>${P_Code}</arg>
<doc>Logs the given message to the console.</doc>
<status status="NOT RUN" starttime="20210720 18:17:19.776" endtime="20210720 18:17:19.776"/>
</kw>
<kw name="Set Global Variable" library="BuiltIn">
<arg>${entrie}</arg>
<doc>Makes a variable available globally in all tests and suites.</doc>
<status status="NOT RUN" starttime="20210720 18:17:19.776" endtime="20210720 18:17:19.776"/>
</kw>
<kw name="Input Text" library="Selenium2Library">
<arg>xpath=//*[@id="txtPopupProduct"]</arg>
<arg>${P_Code}</arg>
<doc>Types the given ``text`` into the text field identified by ``locator``.</doc>
<status status="NOT RUN" starttime="20210720 18:17:19.776" endtime="20210720 18:17:19.776"/>
</kw>
<kw name="Click Element" library="Selenium2Library">
<arg>xpath=//*[@id="btnPopupProductSearch"]</arg>
<doc>Click the element identified by ``locator``.</doc>
<status status="NOT RUN" starttime="20210720 18:17:19.777" endtime="20210720 18:17:19.777"/>
</kw>
<kw name="Wait For Condition" library="Selenium2Library">
<arg>return document.readyState=="complete"</arg>
<doc>Waits until ``condition`` is true or ``timeout`` expires.</doc>
<status status="NOT RUN" starttime="20210720 18:17:19.777" endtime="20210720 18:17:19.777"/>
</kw>
<kw name="Get Text" library="Selenium2Library">
<var>${num_qty}</var>
<arg>xpath=//*[@id="dtPopupProduct"]/tbody/tr[1]/td[12]</arg>
<doc>Returns the text value of the element identified by ``locator``.</doc>
<status status="NOT RUN" starttime="20210720 18:17:19.777" endtime="20210720 18:17:19.777"/>
</kw>
<kw name="Get Length" library="BuiltIn">
<var>${count}</var>
<arg>${num_qty}</arg>
<doc>Returns and logs the length of the given item as an integer.</doc>
<status status="NOT RUN" starttime="20210720 18:17:19.777" endtime="20210720 18:17:19.777"/>
</kw>
<kw name="Log To Console" library="BuiltIn">
<arg>${count}</arg>
<doc>Logs the given message to the console.</doc>
<status status="NOT RUN" starttime="20210720 18:17:19.777" endtime="20210720 18:17:19.777"/>
</kw>
<if>
<branch type="IF" condition="'${count}' == '0'">
<kw name="Create List" library="BuiltIn">
<var>@{numbers1}</var>
<arg>10</arg>
<arg>11</arg>
<doc>Returns a list containing given items.</doc>
<status status="NOT RUN" starttime="20210720 18:17:19.777" endtime="20210720 18:17:19.777"/>
</kw>
<kw name="Evaluate" library="BuiltIn">
<var>${ran_num1}</var>
<arg>random.choice(${numbers1})</arg>
<arg>random</arg>
<doc>Evaluates the given expression in Python and returns the result.</doc>
<status status="NOT RUN" starttime="20210720 18:17:19.778" endtime="20210720 18:17:19.778"/>
</kw>
<kw name="Get Text" library="Selenium2Library">
<var>${num_qty}</var>
<arg>xpath=//*[@id="dtPopupProduct"]/tbody/tr[1]/td[${ran_num1}]</arg>
<doc>Returns the text value of the element identified by ``locator``.</doc>
<status status="NOT RUN" starttime="20210720 18:17:19.778" endtime="20210720 18:17:19.778"/>
</kw>
<status status="NOT RUN" starttime="20210720 18:17:19.777" endtime="20210720 18:17:19.778"/>
</branch>
<status status="NOT RUN" starttime="20210720 18:17:19.777" endtime="20210720 18:17:19.778"/>
</if>
<kw name="Evaluate" library="BuiltIn">
<var>${ran_qty}</var>
<arg>random.randint(0, ${num_qty})</arg>
<arg>random</arg>
<doc>Evaluates the given expression in Python and returns the result.</doc>
<status status="NOT RUN" starttime="20210720 18:17:19.778" endtime="20210720 18:17:19.778"/>
</kw>
<kw name="Log To Console" library="BuiltIn">
<arg>${ran_qty}</arg>
<doc>Logs the given message to the console.</doc>
<status status="NOT RUN" starttime="20210720 18:17:19.778" endtime="20210720 18:17:19.778"/>
</kw>
<kw name="Create List" library="BuiltIn">
<var>@{numbers2}</var>
<arg>4</arg>
<arg>6</arg>
<doc>Returns a list containing given items.</doc>
<status status="NOT RUN" starttime="20210720 18:17:19.778" endtime="20210720 18:17:19.778"/>
</kw>
<kw name="Evaluate" library="BuiltIn">
<var>${ran_num2}</var>
<arg>random.choice(${numbers2})</arg>
<arg>random</arg>
<doc>Evaluates the given expression in Python and returns the result.</doc>
<status status="NOT RUN" starttime="20210720 18:17:19.778" endtime="20210720 18:17:19.778"/>
</kw>
<kw name="Log To Console" library="BuiltIn">
<arg>${ran_num2}</arg>
<doc>Logs the given message to the console.</doc>
<status status="NOT RUN" starttime="20210720 18:17:19.779" endtime="20210720 18:17:19.779"/>
</kw>
<kw name="Input Text" library="Selenium2Library">
<arg>xpath=//*[@id="dtPopupProduct"]/tbody/tr/td[${ran_num2}]/input</arg>
<arg>5</arg>
<doc>Types the given ``text`` into the text field identified by ``locator``.</doc>
<status status="NOT RUN" starttime="20210720 18:17:19.779" endtime="20210720 18:17:19.779"/>
</kw>
<kw name="Click Element" library="Selenium2Library">
<arg>xpath=//*[@id="btnProductConfirm"]</arg>
<doc>Click the element identified by ``locator``.</doc>
<status status="NOT RUN" starttime="20210720 18:17:19.779" endtime="20210720 18:17:19.779"/>
</kw>
<kw name="Sleep" library="BuiltIn">
<arg>3s</arg>
<doc>Pauses the test executed for the given time.</doc>
<status status="NOT RUN" starttime="20210720 18:17:19.779" endtime="20210720 18:17:19.779"/>
</kw>
<status status="FAIL" starttime="20210720 18:17:19.758" endtime="20210720 18:17:19.779"/>
</iter>
<status status="FAIL" starttime="20210720 18:17:06.529" endtime="20210720 18:17:19.779"/>
</for>
<status status="FAIL" starttime="20210720 18:17:06.529" endtime="20210720 18:17:19.780"/>
</kw>
<kw name="SO_004">
<status status="NOT RUN" starttime="20210720 18:17:19.780" endtime="20210720 18:17:19.780"/>
</kw>
<kw name="SO_006">
<status status="NOT RUN" starttime="20210720 18:17:19.780" endtime="20210720 18:17:19.780"/>
</kw>
<status status="FAIL" starttime="20210720 18:16:48.743" endtime="20210720 18:17:19.780"/>
</iter>
<status status="FAIL" starttime="20210720 18:16:48.743" endtime="20210720 18:17:19.780"/>
</for>
<status status="FAIL" starttime="20210720 18:16:29.419" endtime="20210720 18:17:19.781">WebDriverException: Message: chrome not reachable
  (Session info: chrome=91.0.4472.164)
</status>
</test>
<status status="FAIL" starttime="20210720 18:16:29.277" endtime="20210720 18:17:19.782"/>
</suite>
<statistics>
<total>
<stat pass="0" fail="1" skip="0">All Tests</stat>
</total>
<tag>
</tag>
<suite>
<stat pass="0" fail="1" skip="0" id="s1" name="3 LoopSO-1">3 LoopSO-1</stat>
</suite>
</statistics>
<errors>
<msg timestamp="20210720 18:17:19.772" level="WARN">Keyword 'Capture Page Screenshot' could not be run on failure: WebDriverException: Message: chrome not reachable
  (Session info: chrome=91.0.4472.164)
</msg>
</errors>
</robot>
